0	2019.10.10 15:58:07.591		MetaTrader 4 Manager API build 1010 initialized
0	2019.10.10 15:58:07.770	live101.blackwellglobal.com	Connect
0	2019.10.10 15:58:08.548	live101.blackwellglobal.com	'256': login (server build 1220)
0	2019.10.10 15:58:09.235	live101.blackwellglobal.com	'256': request 1 total users by logins
0	2019.10.10 15:58:09.580	live101.blackwellglobal.com	'256': request margin level for '2040'
0	2019.10.10 15:58:09.922	live101.blackwellglobal.com	'256': update user record '2040'
0	2019.10.10 15:58:10.265	live101.blackwellglobal.com	'256': request trades database (6 orders)
0	2019.10.10 15:58:10.610	live101.blackwellglobal.com	'256': trade transaction
0	2019.10.10 15:58:10.954	live101.blackwellglobal.com	'256': trade transaction
0	2019.10.10 15:58:11.297	live101.blackwellglobal.com	'256': trade transaction
0	2019.10.10 15:58:11.641	live101.blackwellglobal.com	'256': trade transaction
0	2019.10.10 15:58:11.984	live101.blackwellglobal.com	'256': trade transaction
0	2019.10.10 15:58:11.986		Remove: manager 7055A8
0	2019.10.10 15:58:11.986		Remove: manager 6FC670
0	2019.10.10 15:58:11.986		Remove: manager 6F3738
0	2019.10.10 15:58:11.986		Remove: manager 6EA800
0	2019.10.10 15:58:11.986		Remove: manager 6E18C8
0	2019.10.10 15:58:11.986		Remove: manager 6D8990
0	2019.10.10 15:58:12.087	live101.blackwellglobal.com	'256': disconnect
0	2019.10.10 15:58:12.087		Remove: manager 6CFA58
0	2019.10.10 15:58:12.087		Remove: manager 6C6C28
0	2019.10.10 15:58:12.432		MetaTrader 4 Manager API build 1010 initialized
0	2019.10.10 15:58:12.584	live202.blackwellglobal.com	Connect
0	2019.10.10 15:58:13.282	live202.blackwellglobal.com	'256': login (server build 1220)
0	2019.10.10 15:58:13.930	live202.blackwellglobal.com	'256': request 1 total users by logins
0	2019.10.10 15:58:14.446	live202.blackwellglobal.com	'256': request margin level for '1126'
0	2019.10.10 15:58:14.726	live202.blackwellglobal.com	'256': update user record '1126'
0	2019.10.10 15:58:15.038	live202.blackwellglobal.com	'256': request trades database (22 orders)
0	2019.10.10 15:58:15.335	live202.blackwellglobal.com	'256': trade transaction
0	2019.10.10 15:58:15.677	live202.blackwellglobal.com	'256': trade transaction
0	2019.10.10 15:58:15.973	live202.blackwellglobal.com	'256': trade transaction
0	2019.10.10 15:58:16.379	live202.blackwellglobal.com	'256': trade transaction
0	2019.10.10 15:58:16.692	live202.blackwellglobal.com	'256': trade transaction
0	2019.10.10 15:58:17.048	live202.blackwellglobal.com	'256': trade transaction
0	2019.10.10 15:58:17.348	live202.blackwellglobal.com	'256': trade transaction
0	2019.10.10 15:58:17.757	live202.blackwellglobal.com	'256': trade transaction
0	2019.10.10 15:58:18.051	live202.blackwellglobal.com	'256': trade transaction
0	2019.10.10 15:58:18.439	live202.blackwellglobal.com	'256': trade transaction
0	2019.10.10 15:58:18.735	live202.blackwellglobal.com	'256': trade transaction
0	2019.10.10 15:58:18.737		Remove: manager 6854A8
0	2019.10.10 15:58:18.737		Remove: manager 67C570
0	2019.10.10 15:58:18.737		Remove: manager 673638
0	2019.10.10 15:58:18.737		Remove: manager 66A700
0	2019.10.10 15:58:18.737		Remove: manager 6617C8
0	2019.10.10 15:58:18.838	live202.blackwellglobal.com	'256': disconnect
0	2019.10.10 15:58:18.838		Remove: manager 658890
0	2019.10.10 15:58:18.838		Remove: manager 64F958
0	2019.10.10 15:58:18.838		Remove: manager 646B28
0	2019.10.10 15:58:19.178		MetaTrader 4 Manager API build 1010 initialized
0	2019.10.10 15:58:19.263	live202.blackwellglobal.com	Connect
0	2019.10.10 15:58:19.983	live202.blackwellglobal.com	'256': login (server build 1220)
0	2019.10.10 15:58:20.669	live202.blackwellglobal.com	'256': request 1 total users by logins
0	2019.10.10 15:58:21.137	live202.blackwellglobal.com	'256': request margin level for '2040'
0	2019.10.10 15:58:21.418	live202.blackwellglobal.com	'256': update user record '2040'
0	2019.10.10 15:58:21.715	live202.blackwellglobal.com	'256': request trades database (11 orders)
0	2019.10.10 15:58:22.012	live202.blackwellglobal.com	'256': trade transaction
0	2019.10.10 15:58:22.307	live202.blackwellglobal.com	'256': trade transaction
0	2019.10.10 15:58:22.309		Remove: manager 854098
0	2019.10.10 15:58:22.309		Remove: manager 84B160
0	2019.10.10 15:58:22.309		Remove: manager 842228
0	2019.10.10 15:58:22.309		Remove: manager 8392F0
0	2019.10.10 15:58:22.309		Remove: manager 8303B8
0	2019.10.10 15:58:22.411	live202.blackwellglobal.com	'256': disconnect
0	2019.10.10 15:58:22.411		Remove: manager 827480
0	2019.10.10 15:58:22.411		Remove: manager 81E548
0	2019.10.10 15:58:22.411		Remove: manager 815718
0	2019.10.10 15:58:22.875		MetaTrader 4 Manager API build 1010 initialized
0	2019.10.10 15:58:22.972	live202.blackwellglobal.com	Connect
0	2019.10.10 15:58:23.666	live202.blackwellglobal.com	'256': login (server build 1220)
0	2019.10.10 15:58:24.264	live202.blackwellglobal.com	'256': request 1 total users by logins
0	2019.10.10 15:58:24.788	live202.blackwellglobal.com	'256': request margin level for '2040'
0	2019.10.10 15:58:25.070	live202.blackwellglobal.com	'256': update user record '2040'
0	2019.10.10 15:58:25.380	live202.blackwellglobal.com	'256': request trades database (9 orders)
0	2019.10.10 15:58:25.382		Remove: manager 5F4098
0	2019.10.10 15:58:25.382		Remove: manager 5EB160
0	2019.10.10 15:58:25.382		Remove: manager 5E2228
0	2019.10.10 15:58:25.382		Remove: manager 5D92F0
0	2019.10.10 15:58:25.382		Remove: manager 5D03B8
0	2019.10.10 15:58:25.483	live202.blackwellglobal.com	'256': disconnect
0	2019.10.10 15:58:25.483		Remove: manager 5C7480
0	2019.10.10 15:58:25.483		Remove: manager 5BE548
0	2019.10.10 15:58:25.483		Remove: manager 5B5718
0	2019.10.10 16:00:26.405		MetaTrader 4 Manager API build 1010 initialized
0	2019.10.10 16:00:26.478	live101.blackwellglobal.com	Connect
0	2019.10.10 16:00:27.216	live101.blackwellglobal.com	'256': login (server build 1220)
0	2019.10.10 16:00:27.904	live101.blackwellglobal.com	'256': request 1 total users by logins
0	2019.10.10 16:00:28.249	live101.blackwellglobal.com	'256': request margin level for '2040'
0	2019.10.10 16:00:28.590	live101.blackwellglobal.com	'256': update user record '2040'
0	2019.10.10 16:00:28.918	live101.blackwellglobal.com	'256': request trades database (2 orders)
0	2019.10.10 16:00:29.262	live101.blackwellglobal.com	'256': trade transaction
0	2019.10.10 16:00:29.264		Remove: manager 885768
0	2019.10.10 16:00:29.264		Remove: manager 87C830
0	2019.10.10 16:00:29.264		Remove: manager 8738F8
0	2019.10.10 16:00:29.264		Remove: manager 86A9C0
0	2019.10.10 16:00:29.264		Remove: manager 861A88
0	2019.10.10 16:00:29.264		Remove: manager 858B50
0	2019.10.10 16:00:29.365	live101.blackwellglobal.com	'256': disconnect
0	2019.10.10 16:00:29.365		Remove: manager 84FC18
0	2019.10.10 16:00:29.365		Remove: manager 846CE0
0	2019.10.10 16:05:42.839		MetaTrader 4 Manager API build 1010 initialized
0	2019.10.10 16:05:42.911	live101.blackwellglobal.com	Connect
0	2019.10.10 16:05:43.599	live101.blackwellglobal.com	'256': login (server build 1220)
0	2019.10.10 16:05:44.286	live101.blackwellglobal.com	'256': request 1 total users by logins
0	2019.10.10 16:05:44.631	live101.blackwellglobal.com	'256': request margin level for '2040'
0	2019.10.10 16:05:44.973	live101.blackwellglobal.com	'256': update user record '2040'
0	2019.10.10 16:05:45.317	live101.blackwellglobal.com	'256': request trades database (2 orders)
0	2019.10.10 16:05:45.660	live101.blackwellglobal.com	'256': trade transaction
0	2019.10.10 16:05:45.662		Remove: manager 805360
0	2019.10.10 16:05:45.662		Remove: manager 7FC428
0	2019.10.10 16:05:45.662		Remove: manager 7F34F0
0	2019.10.10 16:05:45.662		Remove: manager 7EA5B8
0	2019.10.10 16:05:45.662		Remove: manager 7E1680
0	2019.10.10 16:05:45.662		Remove: manager 7D8748
0	2019.10.10 16:05:45.764	live101.blackwellglobal.com	'256': disconnect
0	2019.10.10 16:05:45.764		Remove: manager 7CF810
0	2019.10.10 16:05:45.764		Remove: manager 7C68D8
0	2019.10.10 16:17:22.882		MetaTrader 4 Manager API build 1010 initialized
0	2019.10.10 16:17:22.983	live101.blackwellglobal.com	Connect
0	2019.10.10 16:17:23.707	live101.blackwellglobal.com	'256': login (server build 1220)
0	2019.10.10 16:17:24.395	live101.blackwellglobal.com	'256': request 1 total users by logins
0	2019.10.10 16:17:24.739	live101.blackwellglobal.com	'256': request margin level for '2040'
0	2019.10.10 16:17:25.082	live101.blackwellglobal.com	'256': update user record '2040'
0	2019.10.10 16:17:25.427	live101.blackwellglobal.com	'256': request trades database (10 orders)
0	2019.10.10 16:17:25.769	live101.blackwellglobal.com	'256': delete 1 trade(s)
0	2019.10.10 16:17:26.113	live101.blackwellglobal.com	'256': delete 1 trade(s)
0	2019.10.10 16:17:26.457	live101.blackwellglobal.com	'256': delete 1 trade(s)
0	2019.10.10 16:17:26.801	live101.blackwellglobal.com	'256': trade transaction
0	2019.10.10 16:17:27.144	live101.blackwellglobal.com	'256': delete 1 trade(s)
0	2019.10.10 16:17:27.504	live101.blackwellglobal.com	'256': delete 1 trade(s)
0	2019.10.10 16:17:27.847	live101.blackwellglobal.com	'256': delete 1 trade(s)
0	2019.10.10 16:17:28.192	live101.blackwellglobal.com	'256': trade transaction
0	2019.10.10 16:17:28.536	live101.blackwellglobal.com	'256': trade transaction
0	2019.10.10 16:17:28.537		Remove: manager 957B28
0	2019.10.10 16:17:28.537		Remove: manager 94EBF0
0	2019.10.10 16:17:28.537		Remove: manager 945CB8
0	2019.10.10 16:17:28.537		Remove: manager 93CD80
0	2019.10.10 16:17:28.537		Remove: manager 933E48
0	2019.10.10 16:17:28.537		Remove: manager 92B018
0	2019.10.10 16:17:28.639	live101.blackwellglobal.com	'256': disconnect
0	2019.10.10 16:17:28.639		Remove: manager 9221E8
0	2019.10.10 16:17:28.639		Remove: manager 9193B8
0	2019.10.10 16:34:24.007		MetaTrader 4 Manager API build 1010 initialized
0	2019.10.10 16:34:24.083	live101.blackwellglobal.com	Connect
0	2019.10.10 16:34:24.760	live101.blackwellglobal.com	'256': login (server build 1220)
0	2019.10.10 16:34:25.448	live101.blackwellglobal.com	'256': request 1 total users by logins
0	2019.10.10 16:34:25.794	live101.blackwellglobal.com	'256': request margin level for '2040'
0	2019.10.10 16:34:26.136	live101.blackwellglobal.com	'256': update user record '2040'
0	2019.10.10 16:34:26.480	live101.blackwellglobal.com	'256': request trades database (6 orders)
0	2019.10.10 16:34:26.822	live101.blackwellglobal.com	'256': delete 1 trade(s)
0	2019.10.10 16:34:27.167	live101.blackwellglobal.com	'256': delete 1 trade(s)
0	2019.10.10 16:34:27.511	live101.blackwellglobal.com	'256': trade transaction
0	2019.10.10 16:34:27.854	live101.blackwellglobal.com	'256': delete 1 trade(s)
0	2019.10.10 16:34:28.198	live101.blackwellglobal.com	'256': delete 1 trade(s)
0	2019.10.10 16:34:28.200		Remove: manager 6F55A8
0	2019.10.10 16:34:28.200		Remove: manager 6EC670
0	2019.10.10 16:34:28.200		Remove: manager 6E3738
0	2019.10.10 16:34:28.200		Remove: manager 6DA800
0	2019.10.10 16:34:28.200		Remove: manager 6D18C8
0	2019.10.10 16:34:28.200		Remove: manager 6C8990
0	2019.10.10 16:34:28.301	live101.blackwellglobal.com	'256': disconnect
0	2019.10.10 16:34:28.301		Remove: manager 6BFA58
0	2019.10.10 16:34:28.301		Remove: manager 6B6C28
0	2019.10.10 16:34:28.542		MetaTrader 4 Manager API build 1010 initialized
0	2019.10.10 16:34:28.615	live202.blackwellglobal.com	Connect
0	2019.10.10 16:34:29.375	live202.blackwellglobal.com	'256': login (server build 1220)
0	2019.10.10 16:34:29.967	live202.blackwellglobal.com	'256': request 1 total users by logins
0	2019.10.10 16:34:30.390	live202.blackwellglobal.com	'256': request margin level for '1126'
0	2019.10.10 16:34:30.669	live202.blackwellglobal.com	'256': update user record '1126'
0	2019.10.10 16:34:30.967	live202.blackwellglobal.com	'256': request trades database (13 orders)
0	2019.10.10 16:34:31.246	live202.blackwellglobal.com	'256': delete 1 trade(s)
0	2019.10.10 16:34:31.543	live202.blackwellglobal.com	'256': delete 1 trade(s)
0	2019.10.10 16:34:31.839	live202.blackwellglobal.com	'256': trade transaction
0	2019.10.10 16:34:32.136	live202.blackwellglobal.com	'256': delete 1 trade(s)
0	2019.10.10 16:34:32.138		Remove: manager 885458
0	2019.10.10 16:34:32.138		Remove: manager 87C520
0	2019.10.10 16:34:32.138		Remove: manager 8735E8
0	2019.10.10 16:34:32.138		Remove: manager 86A6B0
0	2019.10.10 16:34:32.138		Remove: manager 861778
0	2019.10.10 16:34:32.238	live202.blackwellglobal.com	'256': disconnect
0	2019.10.10 16:34:32.238		Remove: manager 858840
0	2019.10.10 16:34:32.238		Remove: manager 84F908
0	2019.10.10 16:34:32.238		Remove: manager 8469D0
0	2019.10.10 16:58:38.033		MetaTrader 4 Manager API build 1010 initialized
0	2019.10.10 16:58:38.204	live101.blackwellglobal.com	Connect
0	2019.10.10 16:58:38.851	live101.blackwellglobal.com	'256': login (server build 1220)
0	2019.10.10 16:58:40.330	live101.blackwellglobal.com	'256': request Groups configuration
0	2019.10.10 16:58:40.633	live101.blackwellglobal.com	'256': request 3 total users by logins
0	2019.10.10 16:58:41.006	live101.blackwellglobal.com	'256': request trades database (1 orders)
0	2019.10.10 16:58:41.335	live101.blackwellglobal.com	'256': update user record '2040'
0	2019.10.10 16:58:41.337		Remove: manager 72DFD8
0	2019.10.10 16:58:41.337		Remove: manager 7250A0
0	2019.10.10 16:58:41.337		Remove: manager 71C168
0	2019.10.10 16:58:41.337		Remove: manager 713230
0	2019.10.10 16:58:41.337		Remove: manager 70A2F8
0	2019.10.10 16:58:41.337		Remove: manager 7013C0
0	2019.10.10 16:58:41.337		Remove: manager 6F8488
0	2019.10.10 16:58:41.438	live101.blackwellglobal.com	'256': disconnect
0	2019.10.10 16:58:41.438		Remove: manager 6EF550
0	2019.10.10 16:58:41.438		Remove: manager 6E6720
0	2019.10.10 17:01:25.974		MetaTrader 4 Manager API build 1010 initialized
0	2019.10.10 17:01:26.043	live101.blackwellglobal.com	Connect
0	2019.10.10 17:01:26.769	live101.blackwellglobal.com	'256': login (server build 1220)
0	2019.10.10 17:01:28.186	live101.blackwellglobal.com	'256': request Groups configuration
0	2019.10.10 17:01:28.518	live101.blackwellglobal.com	'256': request 3 total users by logins
0	2019.10.10 17:01:28.863	live101.blackwellglobal.com	'256': request trades database (1 orders)
0	2019.10.10 17:01:29.206	live101.blackwellglobal.com	'256': update user record '2040'
0	2019.10.10 17:01:29.206		Remove: manager 7FE2C0
0	2019.10.10 17:01:29.206		Remove: manager 7F5388
0	2019.10.10 17:01:29.206		Remove: manager 7EC450
0	2019.10.10 17:01:29.206		Remove: manager 7E3518
0	2019.10.10 17:01:29.206		Remove: manager 7DA5E0
0	2019.10.10 17:01:29.206		Remove: manager 7D16A8
0	2019.10.10 17:01:29.206		Remove: manager 7C8770
0	2019.10.10 17:01:29.308	live101.blackwellglobal.com	'256': disconnect
0	2019.10.10 17:01:29.308		Remove: manager 7BF838
0	2019.10.10 17:01:29.308		Remove: manager 7B6900
0	2019.10.10 17:03:17.983		MetaTrader 4 Manager API build 1010 initialized
0	2019.10.10 17:03:18.051	live101.blackwellglobal.com	Connect
0	2019.10.10 17:03:18.734	live101.blackwellglobal.com	'256': login (server build 1220)
0	2019.10.10 17:03:20.229	live101.blackwellglobal.com	'256': request Groups configuration
0	2019.10.10 17:03:20.549	live101.blackwellglobal.com	'256': request 3 total users by logins
0	2019.10.10 17:03:20.845	live101.blackwellglobal.com	'256': request trades database (1 orders)
0	2019.10.10 17:03:21.141	live101.blackwellglobal.com	'256': update user record '2040'
0	2019.10.10 17:03:21.141		Remove: manager 8DE648
0	2019.10.10 17:03:21.141		Remove: manager 8D5710
0	2019.10.10 17:03:21.141		Remove: manager 8CC7D8
0	2019.10.10 17:03:21.141		Remove: manager 8C38A0
0	2019.10.10 17:03:21.141		Remove: manager 8BA968
0	2019.10.10 17:03:21.141		Remove: manager 8B1A30
0	2019.10.10 17:03:21.141		Remove: manager 8A8AF8
0	2019.10.10 17:03:21.242	live101.blackwellglobal.com	'256': disconnect
0	2019.10.10 17:03:21.242		Remove: manager 89FBC0
0	2019.10.10 17:03:21.242		Remove: manager 896C88
0	2019.10.10 17:12:52.654		MetaTrader 4 Manager API build 1010 initialized
0	2019.10.10 17:12:52.723	live101.blackwellglobal.com	Connect
0	2019.10.10 17:12:53.440	live101.blackwellglobal.com	'256': login (server build 1220)
0	2019.10.10 17:12:54.858	live101.blackwellglobal.com	'256': request Groups configuration
0	2019.10.10 17:12:55.190	live101.blackwellglobal.com	'256': request 3 total users by logins
1	2019.10.10 17:12:55.534	live101.blackwellglobal.com	'256': request trades database (0 orders) (OK/None)
0	2019.10.10 17:12:55.878	live101.blackwellglobal.com	'256': update user record '2040'
0	2019.10.10 17:12:55.878		Remove: manager 6DDD40
0	2019.10.10 17:12:55.878		Remove: manager 6D4E08
0	2019.10.10 17:12:55.878		Remove: manager 6CBED0
0	2019.10.10 17:12:55.878		Remove: manager 6C2F98
0	2019.10.10 17:12:55.878		Remove: manager 6BA060
0	2019.10.10 17:12:55.878		Remove: manager 6B1128
0	2019.10.10 17:12:55.878		Remove: manager 6A81F0
0	2019.10.10 17:12:55.979	live101.blackwellglobal.com	'256': disconnect
0	2019.10.10 17:12:55.979		Remove: manager 69F2B8
0	2019.10.10 17:12:55.979		Remove: manager 696380
0	2019.10.10 17:14:48.243		MetaTrader 4 Manager API build 1010 initialized
0	2019.10.10 17:14:48.246		Remove: manager 81DEA0
0	2019.10.10 17:14:48.246		Remove: manager 814F68
0	2019.10.10 17:14:48.246		Remove: manager 80C030
0	2019.10.10 17:14:48.246		Remove: manager 8030F8
0	2019.10.10 17:14:48.246		Remove: manager 7FA1C0
0	2019.10.10 17:14:48.246		Remove: manager 7F1288
0	2019.10.10 17:14:48.246		Remove: manager 7E8350
0	2019.10.10 17:14:48.246		Remove: manager 7DF520
0	2019.10.10 17:14:48.246		Remove: manager 7D66F0
0	2019.10.10 17:14:54.425		MetaTrader 4 Manager API build 1010 initialized
0	2019.10.10 17:14:54.675	live501.blackwellglobal.com	Connect
0	2019.10.10 17:14:55.038	live501.blackwellglobal.com	'256': login (server build 1220)
0	2019.10.10 17:14:56.235	live501.blackwellglobal.com	'256': request Groups configuration
0	2019.10.10 17:14:56.235		Remove: manager 83CB88
0	2019.10.10 17:14:56.235		Remove: manager 833C50
0	2019.10.10 17:14:56.236		Remove: manager 82AD18
0	2019.10.10 17:14:56.336	live501.blackwellglobal.com	'256': disconnect
0	2019.10.10 17:14:56.336		Remove: manager 821DE0
0	2019.10.10 17:14:56.336		Remove: manager 818EA8
0	2019.10.10 17:14:56.336		Remove: manager 80FF70
0	2019.10.10 17:14:56.336		Remove: manager 807038
0	2019.10.10 17:14:56.336		Remove: manager 7FE100
0	2019.10.10 17:14:56.336		Remove: manager 7F51C8
0	2019.10.10 17:15:06.314		MetaTrader 4 Manager API build 1010 initialized
0	2019.10.10 17:15:06.510	live501.blackwellglobal.com	Connect
0	2019.10.10 17:15:06.863	live501.blackwellglobal.com	'256': login (server build 1220)
0	2019.10.10 17:15:08.540	live501.blackwellglobal.com	'256': request Groups configuration
0	2019.10.10 17:15:08.540		Remove: manager 6ACB60
0	2019.10.10 17:15:08.540		Remove: manager 6A3C28
0	2019.10.10 17:15:08.540		Remove: manager 69ACF0
0	2019.10.10 17:15:08.642	live501.blackwellglobal.com	'256': disconnect
0	2019.10.10 17:15:08.642		Remove: manager 691DB8
0	2019.10.10 17:15:08.642		Remove: manager 688E80
0	2019.10.10 17:15:08.642		Remove: manager 67FF48
0	2019.10.10 17:15:08.642		Remove: manager 677010
0	2019.10.10 17:15:08.642		Remove: manager 66E1E0
0	2019.10.10 17:15:08.642		Remove: manager 6653B0
0	2019.10.10 17:15:44.778		MetaTrader 4 Manager API build 1010 initialized
0	2019.10.10 17:15:44.974	live501.blackwellglobal.com	Connect
0	2019.10.10 17:15:45.380	live501.blackwellglobal.com	'256': login (server build 1220)
0	2019.10.10 17:15:46.625	live501.blackwellglobal.com	'256': request Groups configuration
0	2019.10.10 17:15:46.625		Remove: manager 74CED0
0	2019.10.10 17:15:46.625		Remove: manager 743F98
0	2019.10.10 17:15:46.625		Remove: manager 73B060
0	2019.10.10 17:15:46.726	live501.blackwellglobal.com	'256': disconnect
0	2019.10.10 17:15:46.726		Remove: manager 732128
0	2019.10.10 17:15:46.726		Remove: manager 7291F0
0	2019.10.10 17:15:46.726		Remove: manager 7202B8
0	2019.10.10 17:15:46.726		Remove: manager 717380
0	2019.10.10 17:15:46.726		Remove: manager 70E448
0	2019.10.10 17:15:46.726		Remove: manager 705618
0	2019.10.10 17:15:53.543		MetaTrader 4 Manager API build 1010 initialized
0	2019.10.10 17:15:53.746	live501.blackwellglobal.com	Connect
0	2019.10.10 17:15:54.158	live501.blackwellglobal.com	'256': login (server build 1220)
0	2019.10.10 17:15:55.448	live501.blackwellglobal.com	'256': request Groups configuration
0	2019.10.10 17:15:55.448		Remove: manager 87CF88
0	2019.10.10 17:15:55.448		Remove: manager 874050
0	2019.10.10 17:15:55.448		Remove: manager 86B118
0	2019.10.10 17:15:55.549	live501.blackwellglobal.com	'256': disconnect
0	2019.10.10 17:15:55.549		Remove: manager 8621E0
0	2019.10.10 17:15:55.549		Remove: manager 8592A8
0	2019.10.10 17:15:55.549		Remove: manager 850370
0	2019.10.10 17:15:55.549		Remove: manager 847438
0	2019.10.10 17:15:55.549		Remove: manager 83E500
0	2019.10.10 17:15:55.549		Remove: manager 8356D0
0	2019.10.10 17:16:24.453		MetaTrader 4 Manager API build 1010 initialized
0	2019.10.10 17:16:24.646	live501.blackwellglobal.com	Connect
0	2019.10.10 17:16:25.000	live501.blackwellglobal.com	'256': login (server build 1220)
0	2019.10.10 17:16:26.197	live501.blackwellglobal.com	'256': request Groups configuration
0	2019.10.10 17:16:26.198		Remove: manager 74CF58
0	2019.10.10 17:16:26.198		Remove: manager 744020
0	2019.10.10 17:16:26.198		Remove: manager 73B0E8
0	2019.10.10 17:16:26.198		Remove: manager 7321B0
0	2019.10.10 17:16:26.299	live501.blackwellglobal.com	'256': disconnect
0	2019.10.10 17:16:26.299		Remove: manager 729278
0	2019.10.10 17:16:26.299		Remove: manager 720340
0	2019.10.10 17:16:26.299		Remove: manager 717408
0	2019.10.10 17:16:26.299		Remove: manager 70E4D0
0	2019.10.10 17:16:26.299		Remove: manager 7056A0
0	2019.10.10 17:16:38.523		MetaTrader 4 Manager API build 1010 initialized
0	2019.10.10 17:16:38.718	live501.blackwellglobal.com	Connect
0	2019.10.10 17:16:39.080	live501.blackwellglobal.com	'256': login (server build 1220)
0	2019.10.10 17:16:40.275	live501.blackwellglobal.com	'256': request Groups configuration
0	2019.10.10 17:16:40.275		Remove: manager 73CB38
0	2019.10.10 17:16:40.275		Remove: manager 733C00
0	2019.10.10 17:16:40.275		Remove: manager 72ACC8
0	2019.10.10 17:16:40.377	live501.blackwellglobal.com	'256': disconnect
0	2019.10.10 17:16:40.377		Remove: manager 721D90
0	2019.10.10 17:16:40.377		Remove: manager 718E58
0	2019.10.10 17:16:40.377		Remove: manager 70FF20
0	2019.10.10 17:16:40.377		Remove: manager 706FE8
0	2019.10.10 17:16:40.377		Remove: manager 6FE0A8
0	2019.10.10 17:16:40.377		Remove: manager 6F5278
0	2019.10.10 17:16:45.307		MetaTrader 4 Manager API build 1010 initialized
0	2019.10.10 17:16:45.504	live501.blackwellglobal.com	Connect
0	2019.10.10 17:16:45.908	live501.blackwellglobal.com	'256': login (server build 1220)
0	2019.10.10 17:16:47.334	live501.blackwellglobal.com	'256': request Groups configuration
0	2019.10.10 17:16:47.334		Remove: manager 90CF00
0	2019.10.10 17:16:47.334		Remove: manager 903FC8
0	2019.10.10 17:16:47.334		Remove: manager 8FB090
0	2019.10.10 17:16:47.435	live501.blackwellglobal.com	'256': disconnect
0	2019.10.10 17:16:47.435		Remove: manager 8F2158
0	2019.10.10 17:16:47.435		Remove: manager 8E9220
0	2019.10.10 17:16:47.435		Remove: manager 8E02E8
0	2019.10.10 17:16:47.435		Remove: manager 8D73B0
0	2019.10.10 17:16:47.435		Remove: manager 8CE478
0	2019.10.10 17:16:47.435		Remove: manager 8C5540
0	2019.10.10 17:18:38.823		MetaTrader 4 Manager API build 1010 initialized
0	2019.10.10 17:18:38.944	live202.blackwellglobal.com	Connect
0	2019.10.10 17:18:39.558	live202.blackwellglobal.com	'256': login (server build 1220)
0	2019.10.10 17:18:40.923	live202.blackwellglobal.com	'256': request Groups configuration
0	2019.10.10 17:18:41.244	live202.blackwellglobal.com	'256': request 3 total users by logins
0	2019.10.10 17:18:41.564	live202.blackwellglobal.com	'256': request trades database (9 orders)
0	2019.10.10 17:18:41.914	live202.blackwellglobal.com	'256': update user record '2040'
0	2019.10.10 17:18:41.915		Remove: manager 8ACB90
0	2019.10.10 17:18:41.915		Remove: manager 8A3C58
0	2019.10.10 17:18:41.915		Remove: manager 89AD20
0	2019.10.10 17:18:41.915		Remove: manager 891DE8
0	2019.10.10 17:18:41.915		Remove: manager 888EB0
0	2019.10.10 17:18:41.915		Remove: manager 87FF78
0	2019.10.10 17:18:42.016	live202.blackwellglobal.com	'256': disconnect
0	2019.10.10 17:18:42.016		Remove: manager 877040
0	2019.10.10 17:18:42.016		Remove: manager 86E108
0	2019.10.10 17:18:42.016		Remove: manager 8652D8
0	2019.10.10 17:18:52.263		MetaTrader 4 Manager API build 1010 initialized
0	2019.10.10 17:18:52.459	live501.blackwellglobal.com	Connect
0	2019.10.10 17:18:52.809	live501.blackwellglobal.com	'256': login (server build 1220)
0	2019.10.10 17:18:54.004	live501.blackwellglobal.com	'256': request Groups configuration
0	2019.10.10 17:18:54.005		Remove: manager 95CEA8
0	2019.10.10 17:18:54.005		Remove: manager 953F70
0	2019.10.10 17:18:54.005		Remove: manager 94B038
0	2019.10.10 17:18:54.106	live501.blackwellglobal.com	'256': disconnect
0	2019.10.10 17:18:54.106		Remove: manager 942100
0	2019.10.10 17:18:54.106		Remove: manager 9391C8
0	2019.10.10 17:18:54.106		Remove: manager 930290
0	2019.10.10 17:18:54.106		Remove: manager 927358
0	2019.10.10 17:18:54.106		Remove: manager 91E420
0	2019.10.10 17:18:54.106		Remove: manager 9154E8
0	2019.10.10 17:19:29.334		MetaTrader 4 Manager API build 1010 initialized
0	2019.10.10 17:19:29.528	live501.blackwellglobal.com	Connect
0	2019.10.10 17:19:29.931	live501.blackwellglobal.com	'256': login (server build 1220)
0	2019.10.10 17:19:31.128	live501.blackwellglobal.com	'256': request Groups configuration
0	2019.10.10 17:19:31.354	live501.blackwellglobal.com	'256': request 3 total users by logins
0	2019.10.10 17:19:31.603	live501.blackwellglobal.com	'256': request trades database (2 orders)
0	2019.10.10 17:19:31.852	live501.blackwellglobal.com	'256': update user record '2040'
0	2019.10.10 17:19:31.853		Remove: manager 75CAB0
0	2019.10.10 17:19:31.853		Remove: manager 753B78
0	2019.10.10 17:19:31.853		Remove: manager 74AC40
0	2019.10.10 17:19:31.954	live501.blackwellglobal.com	'256': disconnect
0	2019.10.10 17:19:31.954		Remove: manager 741D08
0	2019.10.10 17:19:31.954		Remove: manager 738DD0
0	2019.10.10 17:19:31.954		Remove: manager 72FE98
0	2019.10.10 17:19:31.954		Remove: manager 726F60
0	2019.10.10 17:19:31.954		Remove: manager 71E028
0	2019.10.10 17:19:31.954		Remove: manager 7150F0
0	2019.10.10 17:21:16.654		MetaTrader 4 Manager API build 1010 initialized
0	2019.10.10 17:21:16.721	live101.blackwellglobal.com	Connect
0	2019.10.10 17:21:17.459	live101.blackwellglobal.com	'256': login (server build 1220)
0	2019.10.10 17:21:18.877	live101.blackwellglobal.com	'256': request Groups configuration
0	2019.10.10 17:21:19.211	live101.blackwellglobal.com	'256': request 3 total users by logins
1	2019.10.10 17:21:19.552	live101.blackwellglobal.com	'256': request trades database (0 orders) (OK/None)
0	2019.10.10 17:21:19.896	live101.blackwellglobal.com	'256': update user record '2040'
0	2019.10.10 17:21:19.896		Remove: manager 5EE0E0
0	2019.10.10 17:21:19.896		Remove: manager 5E51A8
0	2019.10.10 17:21:19.896		Remove: manager 5DC270
0	2019.10.10 17:21:19.896		Remove: manager 5D3338
0	2019.10.10 17:21:19.896		Remove: manager 5CA400
0	2019.10.10 17:21:19.896		Remove: manager 5C14C8
0	2019.10.10 17:21:19.896		Remove: manager 5B8590
0	2019.10.10 17:21:19.997	live101.blackwellglobal.com	'256': disconnect
0	2019.10.10 17:21:19.997		Remove: manager 5AF658
0	2019.10.10 17:21:19.997		Remove: manager 5A6720
0	2019.10.10 17:23:57.961		MetaTrader 4 Manager API build 1010 initialized
0	2019.10.10 17:23:58.037	live202.blackwellglobal.com	Connect
0	2019.10.10 17:23:58.737	live202.blackwellglobal.com	'256': login (server build 1220)
0	2019.10.10 17:24:00.490	live202.blackwellglobal.com	'256': request Groups configuration
0	2019.10.10 17:24:00.810	live202.blackwellglobal.com	'256': request 3 total users by logins
0	2019.10.10 17:24:01.090	live202.blackwellglobal.com	'256': request trades database (2 orders)
0	2019.10.10 17:24:01.388	live202.blackwellglobal.com	'256': update user record '2040'
0	2019.10.10 17:24:01.388		Remove: manager 7AE2C0
0	2019.10.10 17:24:01.388		Remove: manager 7A5388
0	2019.10.10 17:24:01.388		Remove: manager 79C450
0	2019.10.10 17:24:01.388		Remove: manager 793518
0	2019.10.10 17:24:01.388		Remove: manager 78A5E0
0	2019.10.10 17:24:01.388		Remove: manager 7816A8
0	2019.10.10 17:24:01.489	live202.blackwellglobal.com	'256': disconnect
0	2019.10.10 17:24:01.489		Remove: manager 778770
0	2019.10.10 17:24:01.489		Remove: manager 76F838
0	2019.10.10 17:24:01.489		Remove: manager 766900
0	2019.10.10 17:24:58.068		MetaTrader 4 Manager API build 1010 initialized
0	2019.10.10 17:24:58.135	live101.blackwellglobal.com	Connect
0	2019.10.10 17:24:58.812	live101.blackwellglobal.com	'256': login (server build 1220)
0	2019.10.10 17:25:00.292	live101.blackwellglobal.com	'256': request Groups configuration
0	2019.10.10 17:25:00.611	live101.blackwellglobal.com	'256': request 3 total users by logins
0	2019.10.10 17:25:00.611		Remove: manager 86CB90
0	2019.10.10 17:25:00.611		Remove: manager 863C58
0	2019.10.10 17:25:00.611		Remove: manager 85AD20
0	2019.10.10 17:25:00.611		Remove: manager 851DE8
0	2019.10.10 17:25:00.611		Remove: manager 848EB0
0	2019.10.10 17:25:00.611		Remove: manager 83FF78
0	2019.10.10 17:25:00.611		Remove: manager 837040
0	2019.10.10 17:25:00.712	live101.blackwellglobal.com	'256': disconnect
0	2019.10.10 17:25:00.712		Remove: manager 82E108
0	2019.10.10 17:25:00.712		Remove: manager 8252D8
0	2019.10.10 17:25:05.323		MetaTrader 4 Manager API build 1010 initialized
0	2019.10.10 17:25:05.390	live202.blackwellglobal.com	Connect
0	2019.10.10 17:25:06.047	live202.blackwellglobal.com	'256': login (server build 1220)
0	2019.10.10 17:25:07.367	live202.blackwellglobal.com	'256': request Groups configuration
0	2019.10.10 17:25:07.654	live202.blackwellglobal.com	'256': request 3 total users by logins
0	2019.10.10 17:25:07.654		Remove: manager 8BC9C8
0	2019.10.10 17:25:07.654		Remove: manager 8B3A90
0	2019.10.10 17:25:07.654		Remove: manager 8AAB58
0	2019.10.10 17:25:07.654		Remove: manager 8A1C20
0	2019.10.10 17:25:07.654		Remove: manager 898CE8
0	2019.10.10 17:25:07.654		Remove: manager 88FDB0
0	2019.10.10 17:25:07.756	live202.blackwellglobal.com	'256': disconnect
0	2019.10.10 17:25:07.756		Remove: manager 886E78
0	2019.10.10 17:25:07.756		Remove: manager 87DF40
0	2019.10.10 17:25:07.756		Remove: manager 875008
0	2019.10.10 17:25:40.070		MetaTrader 4 Manager API build 1010 initialized
0	2019.10.10 17:25:40.137	live202.blackwellglobal.com	Connect
0	2019.10.10 17:25:40.820	live202.blackwellglobal.com	'256': login (server build 1220)
0	2019.10.10 17:25:42.217	live202.blackwellglobal.com	'256': request Groups configuration
0	2019.10.10 17:25:42.537	live202.blackwellglobal.com	'256': request 3 total users by logins
0	2019.10.10 17:25:42.833	live202.blackwellglobal.com	'256': request trades database (9 orders)
0	2019.10.10 17:25:43.192	live202.blackwellglobal.com	'256': update user record '2040'
0	2019.10.10 17:25:43.192		Remove: manager 8CCEF0
0	2019.10.10 17:25:43.192		Remove: manager 8C3FB8
0	2019.10.10 17:25:43.192		Remove: manager 8BB080
0	2019.10.10 17:25:43.192		Remove: manager 8B2148
0	2019.10.10 17:25:43.192		Remove: manager 8A9210
0	2019.10.10 17:25:43.192		Remove: manager 8A02D8
0	2019.10.10 17:25:43.293	live202.blackwellglobal.com	'256': disconnect
0	2019.10.10 17:25:43.293		Remove: manager 8973A0
0	2019.10.10 17:25:43.293		Remove: manager 88E468
0	2019.10.10 17:25:43.293		Remove: manager 885530
0	2019.10.10 17:25:47.438		MetaTrader 4 Manager API build 1010 initialized
0	2019.10.10 17:25:47.504	live101.blackwellglobal.com	Connect
0	2019.10.10 17:25:48.188	live101.blackwellglobal.com	'256': login (server build 1220)
0	2019.10.10 17:25:49.666	live101.blackwellglobal.com	'256': request Groups configuration
0	2019.10.10 17:25:50.031	live101.blackwellglobal.com	'256': request 3 total users by logins
1	2019.10.10 17:25:50.374	live101.blackwellglobal.com	'256': request trades database (0 orders) (OK/None)
0	2019.10.10 17:25:50.719	live101.blackwellglobal.com	'256': update user record '2040'
0	2019.10.10 17:25:50.719		Remove: manager 7CE2A0
0	2019.10.10 17:25:50.719		Remove: manager 7C5368
0	2019.10.10 17:25:50.719		Remove: manager 7BC430
0	2019.10.10 17:25:50.719		Remove: manager 7B34F8
0	2019.10.10 17:25:50.719		Remove: manager 7AA5C0
0	2019.10.10 17:25:50.719		Remove: manager 7A1688
0	2019.10.10 17:25:50.719		Remove: manager 798750
0	2019.10.10 17:25:50.820	live101.blackwellglobal.com	'256': disconnect
0	2019.10.10 17:25:50.820		Remove: manager 78F818
0	2019.10.10 17:25:50.820		Remove: manager 7869E8
0	2019.10.10 17:25:51.068		MetaTrader 4 Manager API build 1010 initialized
0	2019.10.10 17:25:51.164	live202.blackwellglobal.com	Connect
0	2019.10.10 17:25:51.865	live202.blackwellglobal.com	'256': login (server build 1220)
0	2019.10.10 17:25:53.217	live202.blackwellglobal.com	'256': request Groups configuration
0	2019.10.10 17:25:53.566	live202.blackwellglobal.com	'256': request 3 total users by logins
0	2019.10.10 17:25:53.865	live202.blackwellglobal.com	'256': request trades database (2 orders)
0	2019.10.10 17:25:54.212	live202.blackwellglobal.com	'256': update user record '2040'
0	2019.10.10 17:25:54.212		Remove: manager 5EE0E0
0	2019.10.10 17:25:54.212		Remove: manager 5E51A8
0	2019.10.10 17:25:54.212		Remove: manager 5DC270
0	2019.10.10 17:25:54.212		Remove: manager 5D3338
0	2019.10.10 17:25:54.212		Remove: manager 5CA400
0	2019.10.10 17:25:54.212		Remove: manager 5C14C8
0	2019.10.10 17:25:54.313	live202.blackwellglobal.com	'256': disconnect
0	2019.10.10 17:25:54.313		Remove: manager 5B8590
0	2019.10.10 17:25:54.313		Remove: manager 5AF658
0	2019.10.10 17:25:54.313		Remove: manager 5A6720
