0	2019.07.24 15:23:04.831		MetaTrader 4 Manager API build 1010 initialized
0	2019.07.24 15:23:04.835		Remove: manager 864218
0	2019.07.24 15:23:04.835		Remove: manager 85B2E0
0	2019.07.24 15:23:04.835		Remove: manager 8523A8
0	2019.07.24 15:23:04.835		Remove: manager 849470
0	2019.07.24 15:23:04.835		Remove: manager 840538
0	2019.07.24 15:23:04.835		Remove: manager 837600
0	2019.07.24 15:23:04.835		Remove: manager 82E6C8
0	2019.07.24 15:23:04.835		Remove: manager 825790
0	2019.07.24 15:23:04.835		Remove: manager 81C858
0	2019.07.24 15:33:03.125		MetaTrader 4 Manager API build 1010 initialized
0	2019.07.24 15:33:03.128		Remove: manager 5DCE20
0	2019.07.24 15:33:03.128		Remove: manager 5D3EE8
0	2019.07.24 15:33:03.128		Remove: manager 5CAFB0
0	2019.07.24 15:33:03.128		Remove: manager 5C2078
0	2019.07.24 15:33:03.128		Remove: manager 5B9140
0	2019.07.24 15:33:03.128		Remove: manager 5B0208
0	2019.07.24 15:33:03.128		Remove: manager 5A72D0
0	2019.07.24 15:33:03.128		Remove: manager 59E398
0	2019.07.24 15:33:03.128		Remove: manager 595460
0	2019.07.24 15:33:05.054		MetaTrader 4 Manager API build 1010 initialized
0	2019.07.24 15:33:05.056		Remove: manager 75CE20
0	2019.07.24 15:33:05.056		Remove: manager 753EE8
0	2019.07.24 15:33:05.056		Remove: manager 74AFB0
0	2019.07.24 15:33:05.056		Remove: manager 742078
0	2019.07.24 15:33:05.056		Remove: manager 739140
0	2019.07.24 15:33:05.056		Remove: manager 730208
0	2019.07.24 15:33:05.056		Remove: manager 7272D0
0	2019.07.24 15:33:05.056		Remove: manager 71E398
0	2019.07.24 15:33:05.056		Remove: manager 715460
0	2019.07.24 15:33:11.262		MetaTrader 4 Manager API build 1010 initialized
0	2019.07.24 15:33:11.265		Remove: manager 81CE20
0	2019.07.24 15:33:11.265		Remove: manager 813EE8
0	2019.07.24 15:33:11.265		Remove: manager 80AFB0
0	2019.07.24 15:33:11.265		Remove: manager 802078
0	2019.07.24 15:33:11.265		Remove: manager 7F9140
0	2019.07.24 15:33:11.265		Remove: manager 7F0208
0	2019.07.24 15:33:11.265		Remove: manager 7E72D0
0	2019.07.24 15:33:11.265		Remove: manager 7DE398
0	2019.07.24 15:33:11.265		Remove: manager 7D5460
0	2019.07.24 15:33:17.982		MetaTrader 4 Manager API build 1010 initialized
0	2019.07.24 15:33:17.985		Remove: manager 7CCE20
0	2019.07.24 15:33:17.985		Remove: manager 7C3EE8
0	2019.07.24 15:33:17.985		Remove: manager 7BAFB0
0	2019.07.24 15:33:17.985		Remove: manager 7B2078
0	2019.07.24 15:33:17.985		Remove: manager 7A9140
0	2019.07.24 15:33:17.985		Remove: manager 7A0208
0	2019.07.24 15:33:17.985		Remove: manager 7972D0
0	2019.07.24 15:33:17.985		Remove: manager 78E398
0	2019.07.24 15:33:17.985		Remove: manager 785460
0	2019.07.24 15:33:25.356		MetaTrader 4 Manager API build 1010 initialized
0	2019.07.24 15:33:25.373		Remove: manager 89CE20
0	2019.07.24 15:33:25.373		Remove: manager 893EE8
0	2019.07.24 15:33:25.373		Remove: manager 88AFB0
0	2019.07.24 15:33:25.373		Remove: manager 882078
0	2019.07.24 15:33:25.373		Remove: manager 879140
0	2019.07.24 15:33:25.373		Remove: manager 870208
0	2019.07.24 15:33:25.373		Remove: manager 8672D0
0	2019.07.24 15:33:25.373		Remove: manager 85E398
0	2019.07.24 15:33:25.373		Remove: manager 855460
0	2019.07.24 15:33:32.079		MetaTrader 4 Manager API build 1010 initialized
0	2019.07.24 15:33:32.082		Remove: manager 7CCDF0
0	2019.07.24 15:33:32.082		Remove: manager 7C3EB8
0	2019.07.24 15:33:32.082		Remove: manager 7BAF80
0	2019.07.24 15:33:32.082		Remove: manager 7B2048
0	2019.07.24 15:33:32.082		Remove: manager 7A9110
0	2019.07.24 15:33:32.082		Remove: manager 7A01D8
0	2019.07.24 15:33:32.082		Remove: manager 7972A0
0	2019.07.24 15:33:32.082		Remove: manager 78E368
0	2019.07.24 15:33:32.082		Remove: manager 785430
0	2019.07.24 15:33:39.598		MetaTrader 4 Manager API build 1010 initialized
0	2019.07.24 15:33:39.609		Remove: manager 72CE20
0	2019.07.24 15:33:39.609		Remove: manager 723EE8
0	2019.07.24 15:33:39.609		Remove: manager 71AFB0
0	2019.07.24 15:33:39.609		Remove: manager 712078
0	2019.07.24 15:33:39.609		Remove: manager 709140
0	2019.07.24 15:33:39.609		Remove: manager 700208
0	2019.07.24 15:33:39.609		Remove: manager 6F72D0
0	2019.07.24 15:33:39.609		Remove: manager 6EE398
0	2019.07.24 15:33:39.609		Remove: manager 6E5460
0	2019.07.24 15:33:45.987		MetaTrader 4 Manager API build 1010 initialized
0	2019.07.24 15:33:45.990		Remove: manager 88CE20
0	2019.07.24 15:33:45.990		Remove: manager 883EE8
0	2019.07.24 15:33:45.990		Remove: manager 87AFB0
0	2019.07.24 15:33:45.990		Remove: manager 872078
0	2019.07.24 15:33:45.990		Remove: manager 869140
0	2019.07.24 15:33:45.990		Remove: manager 860208
0	2019.07.24 15:33:45.990		Remove: manager 8572D0
0	2019.07.24 15:33:45.990		Remove: manager 84E398
0	2019.07.24 15:33:45.990		Remove: manager 845460
0	2019.07.24 15:34:09.450		MetaTrader 4 Manager API build 1010 initialized
0	2019.07.24 15:34:09.592	live101.blackwellglobal.com	Connect
0	2019.07.24 15:34:10.282	live101.blackwellglobal.com	'256': login (server build 1170)
0	2019.07.24 15:34:11.775	live101.blackwellglobal.com	'256': request Groups configuration
0	2019.07.24 15:34:11.776		Remove: manager 8ACE20
0	2019.07.24 15:34:11.776		Remove: manager 8A3EE8
0	2019.07.24 15:34:11.776		Remove: manager 89AFB0
0	2019.07.24 15:34:11.776		Remove: manager 892078
0	2019.07.24 15:34:11.776		Remove: manager 889140
0	2019.07.24 15:34:11.776		Remove: manager 880208
0	2019.07.24 15:34:11.776		Remove: manager 8772D0
0	2019.07.24 15:34:11.877	live101.blackwellglobal.com	'256': disconnect
0	2019.07.24 15:34:11.877		Remove: manager 86E398
0	2019.07.24 15:34:11.877		Remove: manager 865460
0	2019.07.24 15:34:14.275		MetaTrader 4 Manager API build 1010 initialized
0	2019.07.24 15:34:14.347	live101.blackwellglobal.com	Connect
0	2019.07.24 15:34:15.127	live101.blackwellglobal.com	'256': login (server build 1170)
0	2019.07.24 15:34:16.668	live101.blackwellglobal.com	'256': request Groups configuration
0	2019.07.24 15:34:16.668		Remove: manager 66D3D8
0	2019.07.24 15:34:16.668		Remove: manager 6644A0
0	2019.07.24 15:34:16.668		Remove: manager 65B568
0	2019.07.24 15:34:16.668		Remove: manager 652630
0	2019.07.24 15:34:16.668		Remove: manager 6496F8
0	2019.07.24 15:34:16.668		Remove: manager 6407C0
0	2019.07.24 15:34:16.668		Remove: manager 637888
0	2019.07.24 15:34:16.768	live101.blackwellglobal.com	'256': disconnect
0	2019.07.24 15:34:16.768		Remove: manager 62E950
0	2019.07.24 15:34:16.768		Remove: manager 625A18
0	2019.07.24 15:34:20.208		MetaTrader 4 Manager API build 1010 initialized
0	2019.07.24 15:34:20.279	live101.blackwellglobal.com	Connect
0	2019.07.24 15:34:20.970	live101.blackwellglobal.com	'256': login (server build 1170)
0	2019.07.24 15:34:22.433	live101.blackwellglobal.com	'256': request Groups configuration
0	2019.07.24 15:34:22.433		Remove: manager 7ED460
0	2019.07.24 15:34:22.433		Remove: manager 7E4528
0	2019.07.24 15:34:22.433		Remove: manager 7DB5F0
0	2019.07.24 15:34:22.433		Remove: manager 7D26B8
0	2019.07.24 15:34:22.433		Remove: manager 7C9780
0	2019.07.24 15:34:22.433		Remove: manager 7C0848
0	2019.07.24 15:34:22.433		Remove: manager 7B7910
0	2019.07.24 15:34:22.535	live101.blackwellglobal.com	'256': disconnect
0	2019.07.24 15:34:22.535		Remove: manager 7AE9D8
0	2019.07.24 15:34:22.535		Remove: manager 7A5BA8
0	2019.07.24 15:34:27.285		MetaTrader 4 Manager API build 1010 initialized
0	2019.07.24 15:34:27.416	live101.blackwellglobal.com	Connect
0	2019.07.24 15:34:28.188	live101.blackwellglobal.com	'256': login (server build 1170)
0	2019.07.24 15:34:29.620	live101.blackwellglobal.com	'256': request Groups configuration
0	2019.07.24 15:34:29.620		Remove: manager 8FCE20
0	2019.07.24 15:34:29.620		Remove: manager 8F3EE8
0	2019.07.24 15:34:29.620		Remove: manager 8EAFB0
0	2019.07.24 15:34:29.620		Remove: manager 8E2078
0	2019.07.24 15:34:29.620		Remove: manager 8D9140
0	2019.07.24 15:34:29.620		Remove: manager 8D0208
0	2019.07.24 15:34:29.620		Remove: manager 8C72D0
0	2019.07.24 15:34:29.721	live101.blackwellglobal.com	'256': disconnect
0	2019.07.24 15:34:29.721		Remove: manager 8BE398
0	2019.07.24 15:34:29.721		Remove: manager 8B5460
0	2019.07.24 15:34:34.146		MetaTrader 4 Manager API build 1010 initialized
0	2019.07.24 15:34:34.222	live101.blackwellglobal.com	Connect
0	2019.07.24 15:34:34.953	live101.blackwellglobal.com	'256': login (server build 1170)
0	2019.07.24 15:34:36.416	live101.blackwellglobal.com	'256': request Groups configuration
0	2019.07.24 15:34:36.416		Remove: manager 7BCE20
0	2019.07.24 15:34:36.416		Remove: manager 7B3EE8
0	2019.07.24 15:34:36.416		Remove: manager 7AAFB0
0	2019.07.24 15:34:36.416		Remove: manager 7A2078
0	2019.07.24 15:34:36.416		Remove: manager 799140
0	2019.07.24 15:34:36.416		Remove: manager 790208
0	2019.07.24 15:34:36.416		Remove: manager 7872D0
0	2019.07.24 15:34:36.518	live101.blackwellglobal.com	'256': disconnect
0	2019.07.24 15:34:36.518		Remove: manager 77E398
0	2019.07.24 15:34:36.518		Remove: manager 775460
0	2019.07.24 15:34:40.837		MetaTrader 4 Manager API build 1010 initialized
0	2019.07.24 15:34:40.909	live101.blackwellglobal.com	Connect
0	2019.07.24 15:34:41.595	live101.blackwellglobal.com	'256': login (server build 1170)
0	2019.07.24 15:34:43.122	live101.blackwellglobal.com	'256': request Groups configuration
0	2019.07.24 15:34:43.122		Remove: manager 73CE20
0	2019.07.24 15:34:43.122		Remove: manager 733EE8
0	2019.07.24 15:34:43.122		Remove: manager 72AFB0
0	2019.07.24 15:34:43.122		Remove: manager 722078
0	2019.07.24 15:34:43.122		Remove: manager 719140
0	2019.07.24 15:34:43.122		Remove: manager 710208
0	2019.07.24 15:34:43.122		Remove: manager 7072D0
0	2019.07.24 15:34:43.223	live101.blackwellglobal.com	'256': disconnect
0	2019.07.24 15:34:43.223		Remove: manager 6FE398
0	2019.07.24 15:34:43.223		Remove: manager 6F5460
0	2019.07.24 15:34:48.120		MetaTrader 4 Manager API build 1010 initialized
0	2019.07.24 15:34:48.189	live101.blackwellglobal.com	Connect
0	2019.07.24 15:34:48.968	live101.blackwellglobal.com	'256': login (server build 1170)
0	2019.07.24 15:34:50.511	live101.blackwellglobal.com	'256': request Groups configuration
0	2019.07.24 15:34:50.511		Remove: manager 8BD060
0	2019.07.24 15:34:50.511		Remove: manager 8B4128
0	2019.07.24 15:34:50.511		Remove: manager 8AB1F0
0	2019.07.24 15:34:50.511		Remove: manager 8A22B8
0	2019.07.24 15:34:50.511		Remove: manager 899380
0	2019.07.24 15:34:50.511		Remove: manager 890448
0	2019.07.24 15:34:50.511		Remove: manager 887510
0	2019.07.24 15:34:50.612	live101.blackwellglobal.com	'256': disconnect
0	2019.07.24 15:34:50.612		Remove: manager 87E5D8
0	2019.07.24 15:34:50.612		Remove: manager 8756A0
0	2019.07.24 15:34:54.877		MetaTrader 4 Manager API build 1010 initialized
0	2019.07.24 15:34:54.947	live101.blackwellglobal.com	Connect
0	2019.07.24 15:34:55.641	live101.blackwellglobal.com	'256': login (server build 1170)
0	2019.07.24 15:34:57.098	live101.blackwellglobal.com	'256': request Groups configuration
0	2019.07.24 15:34:57.098		Remove: manager 5FCE20
0	2019.07.24 15:34:57.098		Remove: manager 5F3EE8
0	2019.07.24 15:34:57.098		Remove: manager 5EAFB0
0	2019.07.24 15:34:57.098		Remove: manager 5E2078
0	2019.07.24 15:34:57.098		Remove: manager 5D9140
0	2019.07.24 15:34:57.098		Remove: manager 5D0208
0	2019.07.24 15:34:57.098		Remove: manager 5C72D0
0	2019.07.24 15:34:57.198	live101.blackwellglobal.com	'256': disconnect
0	2019.07.24 15:34:57.198		Remove: manager 5BE398
0	2019.07.24 15:34:57.198		Remove: manager 5B5460
0	2019.07.24 15:35:02.391		MetaTrader 4 Manager API build 1010 initialized
0	2019.07.24 15:35:02.528	live101.blackwellglobal.com	Connect
0	2019.07.24 15:35:03.219	live101.blackwellglobal.com	'256': login (server build 1170)
0	2019.07.24 15:35:04.730	live101.blackwellglobal.com	'256': request Groups configuration
0	2019.07.24 15:35:04.730		Remove: manager 87CE20
0	2019.07.24 15:35:04.730		Remove: manager 873EE8
0	2019.07.24 15:35:04.730		Remove: manager 86AFB0
0	2019.07.24 15:35:04.730		Remove: manager 862078
0	2019.07.24 15:35:04.730		Remove: manager 859140
0	2019.07.24 15:35:04.730		Remove: manager 850208
0	2019.07.24 15:35:04.730		Remove: manager 8472D0
0	2019.07.24 15:35:04.832	live101.blackwellglobal.com	'256': disconnect
0	2019.07.24 15:35:04.832		Remove: manager 83E398
0	2019.07.24 15:35:04.832		Remove: manager 835460
0	2019.07.24 15:35:30.547		MetaTrader 4 Manager API build 1010 initialized
0	2019.07.24 15:35:30.550		Remove: manager 72D1F8
0	2019.07.24 15:35:30.550		Remove: manager 7242C0
0	2019.07.24 15:35:30.550		Remove: manager 71B388
0	2019.07.24 15:35:30.550		Remove: manager 712450
0	2019.07.24 15:35:30.550		Remove: manager 709518
0	2019.07.24 15:35:30.550		Remove: manager 7005E0
0	2019.07.24 15:35:30.550		Remove: manager 6F76A8
0	2019.07.24 15:35:30.550		Remove: manager 6EE770
0	2019.07.24 15:35:30.550		Remove: manager 6E5838
0	2019.07.24 15:35:34.341		MetaTrader 4 Manager API build 1010 initialized
0	2019.07.24 15:35:34.347		Remove: manager 6ACDA0
0	2019.07.24 15:35:34.347		Remove: manager 6A3E68
0	2019.07.24 15:35:34.347		Remove: manager 69AF30
0	2019.07.24 15:35:34.347		Remove: manager 691FF8
0	2019.07.24 15:35:34.347		Remove: manager 6890C0
0	2019.07.24 15:35:34.347		Remove: manager 680188
0	2019.07.24 15:35:34.347		Remove: manager 677250
0	2019.07.24 15:35:34.347		Remove: manager 66E318
0	2019.07.24 15:35:34.347		Remove: manager 6653E0
0	2019.07.24 15:35:41.178		MetaTrader 4 Manager API build 1010 initialized
0	2019.07.24 15:35:41.181		Remove: manager 97D1F8
0	2019.07.24 15:35:41.181		Remove: manager 9742C0
0	2019.07.24 15:35:41.181		Remove: manager 96B388
0	2019.07.24 15:35:41.181		Remove: manager 962450
0	2019.07.24 15:35:41.181		Remove: manager 959518
0	2019.07.24 15:35:41.181		Remove: manager 9505E0
0	2019.07.24 15:35:41.181		Remove: manager 9476A8
0	2019.07.24 15:35:41.181		Remove: manager 93E770
0	2019.07.24 15:35:41.181		Remove: manager 935838
0	2019.07.24 15:35:48.342		MetaTrader 4 Manager API build 1010 initialized
0	2019.07.24 15:35:48.346		Remove: manager 5FD1F8
0	2019.07.24 15:35:48.346		Remove: manager 5F42C0
0	2019.07.24 15:35:48.346		Remove: manager 5EB388
0	2019.07.24 15:35:48.346		Remove: manager 5E2450
0	2019.07.24 15:35:48.346		Remove: manager 5D9518
0	2019.07.24 15:35:48.346		Remove: manager 5D05E0
0	2019.07.24 15:35:48.346		Remove: manager 5C76A8
0	2019.07.24 15:35:48.346		Remove: manager 5BE770
0	2019.07.24 15:35:48.346		Remove: manager 5B5838
0	2019.07.24 15:35:55.037		MetaTrader 4 Manager API build 1010 initialized
0	2019.07.24 15:35:55.065		Remove: manager 80CDA0
0	2019.07.24 15:35:55.065		Remove: manager 803E68
0	2019.07.24 15:35:55.065		Remove: manager 7FAF30
0	2019.07.24 15:35:55.065		Remove: manager 7F1FF8
0	2019.07.24 15:35:55.065		Remove: manager 7E90C0
0	2019.07.24 15:35:55.065		Remove: manager 7E0188
0	2019.07.24 15:35:55.065		Remove: manager 7D7250
0	2019.07.24 15:35:55.065		Remove: manager 7CE318
0	2019.07.24 15:35:55.065		Remove: manager 7C53E0
0	2019.07.24 15:36:09.257		MetaTrader 4 Manager API build 1010 initialized
0	2019.07.24 15:36:09.271		Remove: manager 86CD38
0	2019.07.24 15:36:09.271		Remove: manager 863E00
0	2019.07.24 15:36:09.271		Remove: manager 85AEC8
0	2019.07.24 15:36:09.271		Remove: manager 851F90
0	2019.07.24 15:36:09.271		Remove: manager 849058
0	2019.07.24 15:36:09.271		Remove: manager 840120
0	2019.07.24 15:36:09.271		Remove: manager 8371E8
0	2019.07.24 15:36:09.271		Remove: manager 82E2B0
0	2019.07.24 15:36:09.271		Remove: manager 825378
0	2019.07.24 15:36:10.033		MetaTrader 4 Manager API build 1010 initialized
0	2019.07.24 15:36:10.035		Remove: manager 8CD060
0	2019.07.24 15:36:10.035		Remove: manager 8C4128
0	2019.07.24 15:36:10.035		Remove: manager 8BB1F0
0	2019.07.24 15:36:10.035		Remove: manager 8B22B8
0	2019.07.24 15:36:10.035		Remove: manager 8A9380
0	2019.07.24 15:36:10.035		Remove: manager 8A0448
0	2019.07.24 15:36:10.035		Remove: manager 897510
0	2019.07.24 15:36:10.035		Remove: manager 88E5D8
0	2019.07.24 15:36:10.035		Remove: manager 8856A0
0	2019.07.24 15:36:16.139		MetaTrader 4 Manager API build 1010 initialized
0	2019.07.24 15:36:16.142		Remove: manager 90CE20
0	2019.07.24 15:36:16.142		Remove: manager 903EE8
0	2019.07.24 15:36:16.142		Remove: manager 8FAFB0
0	2019.07.24 15:36:16.142		Remove: manager 8F2078
0	2019.07.24 15:36:16.142		Remove: manager 8E9140
0	2019.07.24 15:36:16.142		Remove: manager 8E0208
0	2019.07.24 15:36:16.142		Remove: manager 8D72D0
0	2019.07.24 15:36:16.142		Remove: manager 8CE398
0	2019.07.24 15:36:16.142		Remove: manager 8C5460
0	2019.07.24 15:36:22.819		MetaTrader 4 Manager API build 1010 initialized
0	2019.07.24 15:36:22.821		Remove: manager 7AD400
0	2019.07.24 15:36:22.821		Remove: manager 7A44C8
0	2019.07.24 15:36:22.821		Remove: manager 79B590
0	2019.07.24 15:36:22.821		Remove: manager 792658
0	2019.07.24 15:36:22.821		Remove: manager 789720
0	2019.07.24 15:36:22.821		Remove: manager 7807E8
0	2019.07.24 15:36:22.821		Remove: manager 7778B0
0	2019.07.24 15:36:22.822		Remove: manager 76E978
0	2019.07.24 15:36:22.822		Remove: manager 765A40
0	2019.07.24 15:36:30.085		MetaTrader 4 Manager API build 1010 initialized
0	2019.07.24 15:36:30.087		Remove: manager 75CFF8
0	2019.07.24 15:36:30.087		Remove: manager 7540C0
0	2019.07.24 15:36:30.087		Remove: manager 74B188
0	2019.07.24 15:36:30.087		Remove: manager 742250
0	2019.07.24 15:36:30.087		Remove: manager 739318
0	2019.07.24 15:36:30.087		Remove: manager 7303E0
0	2019.07.24 15:36:30.087		Remove: manager 7274A8
0	2019.07.24 15:36:30.087		Remove: manager 71E570
0	2019.07.24 15:36:30.087		Remove: manager 715638
0	2019.07.24 15:36:36.794		MetaTrader 4 Manager API build 1010 initialized
0	2019.07.24 15:36:36.797		Remove: manager 83CE20
0	2019.07.24 15:36:36.797		Remove: manager 833EE8
0	2019.07.24 15:36:36.797		Remove: manager 82AFB0
0	2019.07.24 15:36:36.797		Remove: manager 822078
0	2019.07.24 15:36:36.797		Remove: manager 819140
0	2019.07.24 15:36:36.797		Remove: manager 810208
0	2019.07.24 15:36:36.797		Remove: manager 8072D0
0	2019.07.24 15:36:36.797		Remove: manager 7FE398
0	2019.07.24 15:36:36.797		Remove: manager 7F5460
0	2019.07.24 15:36:44.102		MetaTrader 4 Manager API build 1010 initialized
0	2019.07.24 15:36:44.105		Remove: manager 66CFF8
0	2019.07.24 15:36:44.105		Remove: manager 6640C0
0	2019.07.24 15:36:44.105		Remove: manager 65B188
0	2019.07.24 15:36:44.105		Remove: manager 652250
0	2019.07.24 15:36:44.105		Remove: manager 649318
0	2019.07.24 15:36:44.105		Remove: manager 6403E0
0	2019.07.24 15:36:44.105		Remove: manager 6374A8
0	2019.07.24 15:36:44.105		Remove: manager 62E570
0	2019.07.24 15:36:44.105		Remove: manager 625638
0	2019.07.24 15:36:50.825		MetaTrader 4 Manager API build 1010 initialized
0	2019.07.24 15:36:50.828		Remove: manager 78D1F8
0	2019.07.24 15:36:50.828		Remove: manager 7842C0
0	2019.07.24 15:36:50.828		Remove: manager 77B388
0	2019.07.24 15:36:50.828		Remove: manager 772450
0	2019.07.24 15:36:50.828		Remove: manager 769518
0	2019.07.24 15:36:50.828		Remove: manager 7605E0
0	2019.07.24 15:36:50.828		Remove: manager 7576A8
0	2019.07.24 15:36:50.828		Remove: manager 74E770
0	2019.07.24 15:36:50.828		Remove: manager 745838
0	2019.07.24 15:36:58.197		MetaTrader 4 Manager API build 1010 initialized
0	2019.07.24 15:36:58.200		Remove: manager 81CE20
0	2019.07.24 15:36:58.200		Remove: manager 813EE8
0	2019.07.24 15:36:58.200		Remove: manager 80AFB0
0	2019.07.24 15:36:58.200		Remove: manager 802078
0	2019.07.24 15:36:58.200		Remove: manager 7F9140
0	2019.07.24 15:36:58.200		Remove: manager 7F0208
0	2019.07.24 15:36:58.200		Remove: manager 7E72D0
0	2019.07.24 15:36:58.200		Remove: manager 7DE398
0	2019.07.24 15:36:58.200		Remove: manager 7D5460
0	2019.07.24 15:37:05.172		MetaTrader 4 Manager API build 1010 initialized
0	2019.07.24 15:37:05.178		Remove: manager 61CE20
0	2019.07.24 15:37:05.178		Remove: manager 613EE8
0	2019.07.24 15:37:05.178		Remove: manager 60AFB0
0	2019.07.24 15:37:05.178		Remove: manager 602078
0	2019.07.24 15:37:05.178		Remove: manager 5F9140
0	2019.07.24 15:37:05.178		Remove: manager 5F0208
0	2019.07.24 15:37:05.178		Remove: manager 5E72D0
0	2019.07.24 15:37:05.178		Remove: manager 5DE398
0	2019.07.24 15:37:05.178		Remove: manager 5D5460
0	2019.07.24 15:37:12.367		MetaTrader 4 Manager API build 1010 initialized
0	2019.07.24 15:37:12.371		Remove: manager 64CE20
0	2019.07.24 15:37:12.371		Remove: manager 643EE8
0	2019.07.24 15:37:12.371		Remove: manager 63AFB0
0	2019.07.24 15:37:12.371		Remove: manager 632078
0	2019.07.24 15:37:12.371		Remove: manager 629140
0	2019.07.24 15:37:12.371		Remove: manager 620208
0	2019.07.24 15:37:12.371		Remove: manager 6172D0
0	2019.07.24 15:37:12.371		Remove: manager 60E398
0	2019.07.24 15:37:12.371		Remove: manager 605460
0	2019.07.24 15:37:18.848		MetaTrader 4 Manager API build 1010 initialized
0	2019.07.24 15:37:18.850		Remove: manager 61D1F8
0	2019.07.24 15:37:18.850		Remove: manager 6142C0
0	2019.07.24 15:37:18.850		Remove: manager 60B388
0	2019.07.24 15:37:18.850		Remove: manager 602450
0	2019.07.24 15:37:18.850		Remove: manager 5F9518
0	2019.07.24 15:37:18.850		Remove: manager 5F05E0
0	2019.07.24 15:37:18.850		Remove: manager 5E76A8
0	2019.07.24 15:37:18.850		Remove: manager 5DE770
0	2019.07.24 15:37:18.850		Remove: manager 5D5838
0	2019.07.24 15:37:26.498		MetaTrader 4 Manager API build 1010 initialized
0	2019.07.24 15:37:26.502		Remove: manager 8AD1F8
0	2019.07.24 15:37:26.502		Remove: manager 8A42C0
0	2019.07.24 15:37:26.502		Remove: manager 89B388
0	2019.07.24 15:37:26.502		Remove: manager 892450
0	2019.07.24 15:37:26.502		Remove: manager 889518
0	2019.07.24 15:37:26.502		Remove: manager 8805E0
0	2019.07.24 15:37:26.502		Remove: manager 8776A8
0	2019.07.24 15:37:26.502		Remove: manager 86E770
0	2019.07.24 15:37:26.502		Remove: manager 865838
0	2019.07.24 15:38:57.304		MetaTrader 4 Manager API build 1010 initialized
0	2019.07.24 15:38:57.307		Remove: manager 99F6A8
0	2019.07.24 15:38:57.307		Remove: manager 996770
0	2019.07.24 15:38:57.307		Remove: manager 98D838
0	2019.07.24 15:38:57.307		Remove: manager 984900
0	2019.07.24 15:38:57.307		Remove: manager 97B9C8
0	2019.07.24 15:38:57.307		Remove: manager 972A90
0	2019.07.24 15:38:57.307		Remove: manager 969B58
0	2019.07.24 15:38:57.307		Remove: manager 960C20
0	2019.07.24 15:38:57.307		Remove: manager 957CE8
0	2019.07.24 15:39:34.051		MetaTrader 4 Manager API build 1010 initialized
0	2019.07.24 15:39:34.053		Remove: manager 5FF4B8
0	2019.07.24 15:39:34.053		Remove: manager 5F6580
0	2019.07.24 15:39:34.053		Remove: manager 5ED648
0	2019.07.24 15:39:34.053		Remove: manager 5E4710
0	2019.07.24 15:39:34.053		Remove: manager 5DB7D8
0	2019.07.24 15:39:34.053		Remove: manager 5D28A0
0	2019.07.24 15:39:34.053		Remove: manager 5C9968
0	2019.07.24 15:39:34.053		Remove: manager 5C0A30
0	2019.07.24 15:39:34.053		Remove: manager 5B7AF8
0	2019.07.24 15:39:47.962		MetaTrader 4 Manager API build 1010 initialized
0	2019.07.24 15:39:48.035	live101.blackwellglobal.com	Connect
0	2019.07.24 15:39:48.774	live101.blackwellglobal.com	'256': login (server build 1170)
0	2019.07.24 15:39:50.243	live101.blackwellglobal.com	'256': request Groups configuration
0	2019.07.24 15:39:50.243		Remove: manager 96F4B8
0	2019.07.24 15:39:50.243		Remove: manager 966580
0	2019.07.24 15:39:50.243		Remove: manager 95D648
0	2019.07.24 15:39:50.243		Remove: manager 954710
0	2019.07.24 15:39:50.243		Remove: manager 94B7D8
0	2019.07.24 15:39:50.243		Remove: manager 9428A0
0	2019.07.24 15:39:50.243		Remove: manager 939968
0	2019.07.24 15:39:50.344	live101.blackwellglobal.com	'256': disconnect
0	2019.07.24 15:39:50.344		Remove: manager 930A30
0	2019.07.24 15:39:50.344		Remove: manager 927AF8
0	2019.07.24 15:40:05.094		MetaTrader 4 Manager API build 1010 initialized
0	2019.07.24 15:40:05.162	live101.blackwellglobal.com	Connect
0	2019.07.24 15:40:05.851	live101.blackwellglobal.com	'256': login (server build 1170)
0	2019.07.24 15:40:07.284	live101.blackwellglobal.com	'256': request Groups configuration
0	2019.07.24 15:40:07.571	live101.blackwellglobal.com	'256': request 3 total users by logins
0	2019.07.24 15:40:07.571		Remove: manager 78F470
0	2019.07.24 15:40:07.571		Remove: manager 786538
0	2019.07.24 15:40:07.571		Remove: manager 77D600
0	2019.07.24 15:40:07.571		Remove: manager 7746C8
0	2019.07.24 15:40:07.571		Remove: manager 76B790
0	2019.07.24 15:40:07.571		Remove: manager 762858
0	2019.07.24 15:40:07.571		Remove: manager 759920
0	2019.07.24 15:40:07.672	live101.blackwellglobal.com	'256': disconnect
0	2019.07.24 15:40:07.672		Remove: manager 7509E8
0	2019.07.24 15:40:07.672		Remove: manager 747AB0
0	2019.07.24 15:42:13.669		MetaTrader 4 Manager API build 1010 initialized
0	2019.07.24 15:42:13.740	live101.blackwellglobal.com	Connect
0	2019.07.24 15:42:14.427	live101.blackwellglobal.com	'256': login (server build 1170)
0	2019.07.24 15:42:15.968	live101.blackwellglobal.com	'256': request Groups configuration
0	2019.07.24 15:42:16.288	live101.blackwellglobal.com	'256': request 3 total users by logins
0	2019.07.24 15:42:16.288		Remove: manager 7CF418
0	2019.07.24 15:42:16.288		Remove: manager 7C64E0
0	2019.07.24 15:42:16.288		Remove: manager 7BD5A8
0	2019.07.24 15:42:16.288		Remove: manager 7B4670
0	2019.07.24 15:42:16.288		Remove: manager 7AB738
0	2019.07.24 15:42:16.288		Remove: manager 7A2800
0	2019.07.24 15:42:16.288		Remove: manager 7998C8
0	2019.07.24 15:42:16.389	live101.blackwellglobal.com	'256': disconnect
0	2019.07.24 15:42:16.389		Remove: manager 790990
0	2019.07.24 15:42:16.389		Remove: manager 787A58
0	2019.07.24 15:44:32.697		MetaTrader 4 Manager API build 1010 initialized
0	2019.07.24 15:44:32.772	live101.blackwellglobal.com	Connect
0	2019.07.24 15:44:33.503	live101.blackwellglobal.com	'256': login (server build 1170)
0	2019.07.24 15:44:35.192	live101.blackwellglobal.com	'256': request Groups configuration
0	2019.07.24 15:44:35.535	live101.blackwellglobal.com	'256': request 3 total users by logins
0	2019.07.24 15:44:35.535		Remove: manager 81F6B8
0	2019.07.24 15:44:35.535		Remove: manager 816780
0	2019.07.24 15:44:35.535		Remove: manager 80D848
0	2019.07.24 15:44:35.535		Remove: manager 804910
0	2019.07.24 15:44:35.535		Remove: manager 7FB9D8
0	2019.07.24 15:44:35.535		Remove: manager 7F2AA0
0	2019.07.24 15:44:35.535		Remove: manager 7E9B68
0	2019.07.24 15:44:35.635	live101.blackwellglobal.com	'256': disconnect
0	2019.07.24 15:44:35.635		Remove: manager 7E0C30
0	2019.07.24 15:44:35.635		Remove: manager 7D7CF8
0	2019.07.24 15:46:28.810		MetaTrader 4 Manager API build 1010 initialized
0	2019.07.24 15:46:28.908	live101.blackwellglobal.com	Connect
0	2019.07.24 15:46:29.627	live101.blackwellglobal.com	'256': login (server build 1170)
0	2019.07.24 15:46:31.107	live101.blackwellglobal.com	'256': request Groups configuration
0	2019.07.24 15:46:31.422	live101.blackwellglobal.com	'256': request 3 total users by logins
0	2019.07.24 15:46:31.422		Remove: manager 5DF418
0	2019.07.24 15:46:31.422		Remove: manager 5D64E0
0	2019.07.24 15:46:31.422		Remove: manager 5CD5A8
0	2019.07.24 15:46:31.422		Remove: manager 5C4670
0	2019.07.24 15:46:31.422		Remove: manager 5BB738
0	2019.07.24 15:46:31.422		Remove: manager 5B2800
0	2019.07.24 15:46:31.422		Remove: manager 5A98C8
0	2019.07.24 15:46:31.523	live101.blackwellglobal.com	'256': disconnect
0	2019.07.24 15:46:31.523		Remove: manager 5A0990
0	2019.07.24 15:46:31.523		Remove: manager 597A58
0	2019.07.24 15:47:15.973		MetaTrader 4 Manager API build 1010 initialized
0	2019.07.24 15:47:16.044	live101.blackwellglobal.com	Connect
0	2019.07.24 15:47:16.781	live101.blackwellglobal.com	'256': login (server build 1170)
0	2019.07.24 15:47:18.329	live101.blackwellglobal.com	'256': request Groups configuration
0	2019.07.24 15:47:18.669	live101.blackwellglobal.com	'256': request 3 total users by logins
0	2019.07.24 15:47:19.014	live101.blackwellglobal.com	'256': request trades database (21 orders)
0	2019.07.24 15:47:19.014		Remove: manager 61F4C8
0	2019.07.24 15:47:19.014		Remove: manager 616590
0	2019.07.24 15:47:19.014		Remove: manager 60D658
0	2019.07.24 15:47:19.014		Remove: manager 604720
0	2019.07.24 15:47:19.014		Remove: manager 5FB7E8
0	2019.07.24 15:47:19.014		Remove: manager 5F28B0
0	2019.07.24 15:47:19.014		Remove: manager 5E9978
0	2019.07.24 15:47:19.115	live101.blackwellglobal.com	'256': disconnect
0	2019.07.24 15:47:19.115		Remove: manager 5E0A40
0	2019.07.24 15:47:19.115		Remove: manager 5D7B08
0	2019.07.24 16:04:27.740		MetaTrader 4 Manager API build 1010 initialized
0	2019.07.24 16:04:27.743		Remove: manager 82D1F8
0	2019.07.24 16:04:27.743		Remove: manager 8242C0
0	2019.07.24 16:04:27.743		Remove: manager 81B388
0	2019.07.24 16:04:27.743		Remove: manager 812450
0	2019.07.24 16:04:27.743		Remove: manager 809518
0	2019.07.24 16:04:27.743		Remove: manager 8005E0
0	2019.07.24 16:04:27.743		Remove: manager 7F76A8
0	2019.07.24 16:04:27.743		Remove: manager 7EE770
0	2019.07.24 16:04:27.743		Remove: manager 7E5838
0	2019.07.24 16:04:27.751		MetaTrader 4 Manager API build 1010 initialized
0	2019.07.24 16:04:27.789		Remove: manager 91CDA0
0	2019.07.24 16:04:27.789		Remove: manager 913E68
0	2019.07.24 16:04:27.789		Remove: manager 90AF30
0	2019.07.24 16:04:27.789		Remove: manager 901FF8
0	2019.07.24 16:04:27.789		Remove: manager 8F90C0
0	2019.07.24 16:04:27.789		Remove: manager 8F0188
0	2019.07.24 16:04:27.789		Remove: manager 8E7250
0	2019.07.24 16:04:27.789		Remove: manager 8DE318
0	2019.07.24 16:04:27.789		Remove: manager 8D53E0
0	2019.07.24 16:04:27.851		MetaTrader 4 Manager API build 1010 initialized
0	2019.07.24 16:04:27.853		Remove: manager 82CDA0
0	2019.07.24 16:04:27.853		Remove: manager 823E68
0	2019.07.24 16:04:27.853		Remove: manager 81AF30
0	2019.07.24 16:04:27.853		Remove: manager 811FF8
0	2019.07.24 16:04:27.853		Remove: manager 8090C0
0	2019.07.24 16:04:27.853		Remove: manager 800188
0	2019.07.24 16:04:27.853		Remove: manager 7F7250
0	2019.07.24 16:04:27.853		Remove: manager 7EE318
0	2019.07.24 16:04:27.853		Remove: manager 7E53E0
0	2019.07.24 16:04:27.854		MetaTrader 4 Manager API build 1010 initialized
0	2019.07.24 16:04:27.859		Remove: manager 5FD1F8
0	2019.07.24 16:04:27.859		Remove: manager 5F42C0
0	2019.07.24 16:04:27.859		Remove: manager 5EB388
0	2019.07.24 16:04:27.859		Remove: manager 5E2450
0	2019.07.24 16:04:27.859		Remove: manager 5D9518
0	2019.07.24 16:04:27.859		Remove: manager 5D05E0
0	2019.07.24 16:04:27.859		Remove: manager 5C76A8
0	2019.07.24 16:04:27.859		Remove: manager 5BE770
0	2019.07.24 16:04:27.859		Remove: manager 5B5838
0	2019.07.24 16:04:27.936		MetaTrader 4 Manager API build 1010 initialized
0	2019.07.24 16:04:27.939		Remove: manager 6DCE20
0	2019.07.24 16:04:27.939		Remove: manager 6D3EE8
0	2019.07.24 16:04:27.939		Remove: manager 6CAFB0
0	2019.07.24 16:04:27.939		Remove: manager 6C2078
0	2019.07.24 16:04:27.939		Remove: manager 6B9140
0	2019.07.24 16:04:27.939		Remove: manager 6B0208
0	2019.07.24 16:04:27.939		Remove: manager 6A72D0
0	2019.07.24 16:04:27.939		Remove: manager 69E398
0	2019.07.24 16:04:27.939		Remove: manager 695460
0	2019.07.24 16:04:27.982		MetaTrader 4 Manager API build 1010 initialized
0	2019.07.24 16:04:27.984		Remove: manager 88CDA0
0	2019.07.24 16:04:27.984		Remove: manager 883E68
0	2019.07.24 16:04:27.984		Remove: manager 87AF30
0	2019.07.24 16:04:27.984		Remove: manager 871FF8
0	2019.07.24 16:04:27.984		Remove: manager 8690C0
0	2019.07.24 16:04:27.984		Remove: manager 860188
0	2019.07.24 16:04:27.984		Remove: manager 857250
0	2019.07.24 16:04:27.985		Remove: manager 84E318
0	2019.07.24 16:04:27.985		Remove: manager 8453E0
0	2019.07.24 16:04:38.438		MetaTrader 4 Manager API build 1010 initialized
0	2019.07.24 16:04:38.442		Remove: manager 96CE20
0	2019.07.24 16:04:38.442		Remove: manager 963EE8
0	2019.07.24 16:04:38.442		Remove: manager 95AFB0
0	2019.07.24 16:04:38.442		Remove: manager 952078
0	2019.07.24 16:04:38.442		Remove: manager 949140
0	2019.07.24 16:04:38.442		Remove: manager 940208
0	2019.07.24 16:04:38.442		Remove: manager 9372D0
0	2019.07.24 16:04:38.442		Remove: manager 92E398
0	2019.07.24 16:04:38.442		Remove: manager 925460
0	2019.07.24 16:04:40.834		MetaTrader 4 Manager API build 1010 initialized
0	2019.07.24 16:04:40.839		Remove: manager 95D058
0	2019.07.24 16:04:40.839		Remove: manager 954120
0	2019.07.24 16:04:40.839		Remove: manager 94B1E8
0	2019.07.24 16:04:40.839		Remove: manager 9422B0
0	2019.07.24 16:04:40.839		Remove: manager 939378
0	2019.07.24 16:04:40.839		Remove: manager 930440
0	2019.07.24 16:04:40.839		Remove: manager 927508
0	2019.07.24 16:04:40.839		Remove: manager 91E5D0
0	2019.07.24 16:04:40.839		Remove: manager 9157A0
0	2019.07.24 16:05:13.331		MetaTrader 4 Manager API build 1010 initialized
0	2019.07.24 16:05:13.348		Remove: manager 93D298
0	2019.07.24 16:05:13.348		Remove: manager 934360
0	2019.07.24 16:05:13.348		Remove: manager 92B428
0	2019.07.24 16:05:13.348		Remove: manager 9224F0
0	2019.07.24 16:05:13.348		Remove: manager 9195B8
0	2019.07.24 16:05:13.348		Remove: manager 910680
0	2019.07.24 16:05:13.348		Remove: manager 907748
0	2019.07.24 16:05:13.348		Remove: manager 8FE918
0	2019.07.24 16:05:13.348		Remove: manager 8F5AE8
0	2019.07.24 16:05:20.606		MetaTrader 4 Manager API build 1010 initialized
0	2019.07.24 16:05:20.611		Remove: manager 7ACE20
0	2019.07.24 16:05:20.611		Remove: manager 7A3EE8
0	2019.07.24 16:05:20.611		Remove: manager 79AFB0
0	2019.07.24 16:05:20.611		Remove: manager 792078
0	2019.07.24 16:05:20.611		Remove: manager 789140
0	2019.07.24 16:05:20.611		Remove: manager 780208
0	2019.07.24 16:05:20.611		Remove: manager 7772D0
0	2019.07.24 16:05:20.611		Remove: manager 76E398
0	2019.07.24 16:05:20.611		Remove: manager 765460
0	2019.07.24 16:05:27.306		MetaTrader 4 Manager API build 1010 initialized
0	2019.07.24 16:05:27.309		Remove: manager 6AD7A8
0	2019.07.24 16:05:27.309		Remove: manager 6A4870
0	2019.07.24 16:05:27.309		Remove: manager 69B938
0	2019.07.24 16:05:27.309		Remove: manager 692A00
0	2019.07.24 16:05:27.309		Remove: manager 689AC8
0	2019.07.24 16:05:27.309		Remove: manager 680B90
0	2019.07.24 16:05:27.309		Remove: manager 677C58
0	2019.07.24 16:05:27.309		Remove: manager 66ED20
0	2019.07.24 16:05:27.309		Remove: manager 665DE8
0	2019.07.24 16:05:34.665		MetaTrader 4 Manager API build 1010 initialized
0	2019.07.24 16:05:34.667		Remove: manager 71D228
0	2019.07.24 16:05:34.667		Remove: manager 7142F0
0	2019.07.24 16:05:34.667		Remove: manager 70B3B8
0	2019.07.24 16:05:34.667		Remove: manager 702480
0	2019.07.24 16:05:34.667		Remove: manager 6F9548
0	2019.07.24 16:05:34.667		Remove: manager 6F0610
0	2019.07.24 16:05:34.667		Remove: manager 6E76D8
0	2019.07.24 16:05:34.667		Remove: manager 6DE7A0
0	2019.07.24 16:05:34.667		Remove: manager 6D5868
0	2019.07.24 16:05:41.313		MetaTrader 4 Manager API build 1010 initialized
0	2019.07.24 16:05:41.315		Remove: manager 72CE20
0	2019.07.24 16:05:41.315		Remove: manager 723EE8
0	2019.07.24 16:05:41.315		Remove: manager 71AFB0
0	2019.07.24 16:05:41.315		Remove: manager 712078
0	2019.07.24 16:05:41.315		Remove: manager 709140
0	2019.07.24 16:05:41.315		Remove: manager 700208
0	2019.07.24 16:05:41.315		Remove: manager 6F72D0
0	2019.07.24 16:05:41.315		Remove: manager 6EE398
0	2019.07.24 16:05:41.316		Remove: manager 6E5460
0	2019.07.24 16:05:48.617		MetaTrader 4 Manager API build 1010 initialized
0	2019.07.24 16:05:48.621		Remove: manager 8BD060
0	2019.07.24 16:05:48.621		Remove: manager 8B4128
0	2019.07.24 16:05:48.621		Remove: manager 8AB1F0
0	2019.07.24 16:05:48.621		Remove: manager 8A22B8
0	2019.07.24 16:05:48.621		Remove: manager 899380
0	2019.07.24 16:05:48.621		Remove: manager 890448
0	2019.07.24 16:05:48.621		Remove: manager 887510
0	2019.07.24 16:05:48.621		Remove: manager 87E5D8
0	2019.07.24 16:05:48.621		Remove: manager 8756A0
0	2019.07.24 16:05:55.318		MetaTrader 4 Manager API build 1010 initialized
0	2019.07.24 16:05:55.320		Remove: manager 7CCE20
0	2019.07.24 16:05:55.320		Remove: manager 7C3EE8
0	2019.07.24 16:05:55.320		Remove: manager 7BAFB0
0	2019.07.24 16:05:55.320		Remove: manager 7B2078
0	2019.07.24 16:05:55.320		Remove: manager 7A9140
0	2019.07.24 16:05:55.321		Remove: manager 7A0208
0	2019.07.24 16:05:55.321		Remove: manager 7972D0
0	2019.07.24 16:05:55.321		Remove: manager 78E398
0	2019.07.24 16:05:55.321		Remove: manager 785460
0	2019.07.24 16:06:02.778		MetaTrader 4 Manager API build 1010 initialized
0	2019.07.24 16:06:02.780		Remove: manager 74CE20
0	2019.07.24 16:06:02.780		Remove: manager 743EE8
0	2019.07.24 16:06:02.780		Remove: manager 73AFB0
0	2019.07.24 16:06:02.780		Remove: manager 732078
0	2019.07.24 16:06:02.780		Remove: manager 729140
0	2019.07.24 16:06:02.780		Remove: manager 720208
0	2019.07.24 16:06:02.780		Remove: manager 7172D0
0	2019.07.24 16:06:02.780		Remove: manager 70E398
0	2019.07.24 16:06:02.780		Remove: manager 705460
0	2019.07.24 16:06:09.319		MetaTrader 4 Manager API build 1010 initialized
0	2019.07.24 16:06:09.321		Remove: manager 75CE20
0	2019.07.24 16:06:09.322		Remove: manager 753EE8
0	2019.07.24 16:06:09.322		Remove: manager 74AFB0
0	2019.07.24 16:06:09.322		Remove: manager 742078
0	2019.07.24 16:06:09.322		Remove: manager 739140
0	2019.07.24 16:06:09.322		Remove: manager 730208
0	2019.07.24 16:06:09.322		Remove: manager 7272D0
0	2019.07.24 16:06:09.322		Remove: manager 71E398
0	2019.07.24 16:06:09.322		Remove: manager 715460
0	2019.07.24 16:06:16.709		MetaTrader 4 Manager API build 1010 initialized
0	2019.07.24 16:06:16.711		Remove: manager 91D1F8
0	2019.07.24 16:06:16.711		Remove: manager 9142C0
0	2019.07.24 16:06:16.711		Remove: manager 90B388
0	2019.07.24 16:06:16.711		Remove: manager 902450
0	2019.07.24 16:06:16.711		Remove: manager 8F9518
0	2019.07.24 16:06:16.711		Remove: manager 8F05E0
0	2019.07.24 16:06:16.711		Remove: manager 8E76A8
0	2019.07.24 16:06:16.711		Remove: manager 8DE770
0	2019.07.24 16:06:16.711		Remove: manager 8D5838
0	2019.07.24 16:06:23.306		MetaTrader 4 Manager API build 1010 initialized
0	2019.07.24 16:06:23.309		Remove: manager 79D058
0	2019.07.24 16:06:23.309		Remove: manager 794120
0	2019.07.24 16:06:23.309		Remove: manager 78B1E8
0	2019.07.24 16:06:23.309		Remove: manager 7822B0
0	2019.07.24 16:06:23.309		Remove: manager 779378
0	2019.07.24 16:06:23.309		Remove: manager 770440
0	2019.07.24 16:06:23.309		Remove: manager 767508
0	2019.07.24 16:06:23.309		Remove: manager 75E5D0
0	2019.07.24 16:06:23.309		Remove: manager 7557A0
0	2019.07.24 16:06:30.709		MetaTrader 4 Manager API build 1010 initialized
0	2019.07.24 16:06:30.721		Remove: manager 62CDA0
0	2019.07.24 16:06:30.721		Remove: manager 623E68
0	2019.07.24 16:06:30.721		Remove: manager 61AF30
0	2019.07.24 16:06:30.721		Remove: manager 611FF8
0	2019.07.24 16:06:30.721		Remove: manager 6090C0
0	2019.07.24 16:06:30.721		Remove: manager 600188
0	2019.07.24 16:06:30.721		Remove: manager 5F7250
0	2019.07.24 16:06:30.721		Remove: manager 5EE318
0	2019.07.24 16:06:30.721		Remove: manager 5E53E0
0	2019.07.24 16:06:37.306		MetaTrader 4 Manager API build 1010 initialized
0	2019.07.24 16:06:37.308		Remove: manager 77CDA0
0	2019.07.24 16:06:37.308		Remove: manager 773E68
0	2019.07.24 16:06:37.308		Remove: manager 76AF30
0	2019.07.24 16:06:37.308		Remove: manager 761FF8
0	2019.07.24 16:06:37.308		Remove: manager 7590C0
0	2019.07.24 16:06:37.308		Remove: manager 750188
0	2019.07.24 16:06:37.308		Remove: manager 747250
0	2019.07.24 16:06:37.308		Remove: manager 73E318
0	2019.07.24 16:06:37.308		Remove: manager 7353E0
0	2019.07.24 16:06:44.750		MetaTrader 4 Manager API build 1010 initialized
0	2019.07.24 16:06:44.753		Remove: manager 5FD060
0	2019.07.24 16:06:44.753		Remove: manager 5F4128
0	2019.07.24 16:06:44.753		Remove: manager 5EB1F0
0	2019.07.24 16:06:44.753		Remove: manager 5E22B8
0	2019.07.24 16:06:44.753		Remove: manager 5D9380
0	2019.07.24 16:06:44.753		Remove: manager 5D0448
0	2019.07.24 16:06:44.753		Remove: manager 5C7510
0	2019.07.24 16:06:44.753		Remove: manager 5BE5D8
0	2019.07.24 16:06:44.753		Remove: manager 5B56A0
0	2019.07.24 16:06:51.308		MetaTrader 4 Manager API build 1010 initialized
0	2019.07.24 16:06:51.310		Remove: manager 5DCEA0
0	2019.07.24 16:06:51.311		Remove: manager 5D3F68
0	2019.07.24 16:06:51.311		Remove: manager 5CB030
0	2019.07.24 16:06:51.311		Remove: manager 5C20F8
0	2019.07.24 16:06:51.311		Remove: manager 5B91C0
0	2019.07.24 16:06:51.311		Remove: manager 5B0288
0	2019.07.24 16:06:51.311		Remove: manager 5A7350
0	2019.07.24 16:06:51.311		Remove: manager 59E418
0	2019.07.24 16:06:51.311		Remove: manager 5954E0
0	2019.07.24 16:06:58.650		MetaTrader 4 Manager API build 1010 initialized
0	2019.07.24 16:06:58.653		Remove: manager 72E020
0	2019.07.24 16:06:58.653		Remove: manager 7250E8
0	2019.07.24 16:06:58.653		Remove: manager 71C1B0
0	2019.07.24 16:06:58.653		Remove: manager 713278
0	2019.07.24 16:06:58.653		Remove: manager 70A340
0	2019.07.24 16:06:58.653		Remove: manager 701408
0	2019.07.24 16:06:58.653		Remove: manager 6F84D0
0	2019.07.24 16:06:58.653		Remove: manager 6EF598
0	2019.07.24 16:06:58.653		Remove: manager 6E6660
0	2019.07.24 16:07:05.320		MetaTrader 4 Manager API build 1010 initialized
0	2019.07.24 16:07:05.323		Remove: manager 7DD060
0	2019.07.24 16:07:05.323		Remove: manager 7D4128
0	2019.07.24 16:07:05.323		Remove: manager 7CB1F0
0	2019.07.24 16:07:05.323		Remove: manager 7C22B8
0	2019.07.24 16:07:05.323		Remove: manager 7B9380
0	2019.07.24 16:07:05.323		Remove: manager 7B0448
0	2019.07.24 16:07:05.323		Remove: manager 7A7510
0	2019.07.24 16:07:05.323		Remove: manager 79E5D8
0	2019.07.24 16:07:05.323		Remove: manager 7956A0
0	2019.07.24 16:07:12.598		MetaTrader 4 Manager API build 1010 initialized
0	2019.07.24 16:07:12.601		Remove: manager 63CE20
0	2019.07.24 16:07:12.601		Remove: manager 633EE8
0	2019.07.24 16:07:12.601		Remove: manager 62AFB0
0	2019.07.24 16:07:12.601		Remove: manager 622078
0	2019.07.24 16:07:12.601		Remove: manager 619140
0	2019.07.24 16:07:12.601		Remove: manager 610208
0	2019.07.24 16:07:12.601		Remove: manager 6072D0
0	2019.07.24 16:07:12.601		Remove: manager 5FE398
0	2019.07.24 16:07:12.601		Remove: manager 5F5460
0	2019.07.24 16:07:19.353		MetaTrader 4 Manager API build 1010 initialized
0	2019.07.24 16:07:19.356		Remove: manager 91CE20
0	2019.07.24 16:07:19.356		Remove: manager 913EE8
0	2019.07.24 16:07:19.356		Remove: manager 90AFB0
0	2019.07.24 16:07:19.356		Remove: manager 902078
0	2019.07.24 16:07:19.356		Remove: manager 8F9140
0	2019.07.24 16:07:19.356		Remove: manager 8F0208
0	2019.07.24 16:07:19.356		Remove: manager 8E72D0
0	2019.07.24 16:07:19.356		Remove: manager 8DE398
0	2019.07.24 16:07:19.356		Remove: manager 8D5460
0	2019.07.24 16:07:26.581		MetaTrader 4 Manager API build 1010 initialized
0	2019.07.24 16:07:26.585		Remove: manager 86D058
0	2019.07.24 16:07:26.585		Remove: manager 864120
0	2019.07.24 16:07:26.585		Remove: manager 85B1E8
0	2019.07.24 16:07:26.585		Remove: manager 8522B0
0	2019.07.24 16:07:26.585		Remove: manager 849378
0	2019.07.24 16:07:26.585		Remove: manager 840440
0	2019.07.24 16:07:26.585		Remove: manager 837508
0	2019.07.24 16:07:26.585		Remove: manager 82E5D0
0	2019.07.24 16:07:26.585		Remove: manager 8257A0
0	2019.07.24 16:07:33.319		MetaTrader 4 Manager API build 1010 initialized
0	2019.07.24 16:07:33.323		Remove: manager 8DCE20
0	2019.07.24 16:07:33.323		Remove: manager 8D3EE8
0	2019.07.24 16:07:33.323		Remove: manager 8CAFB0
0	2019.07.24 16:07:33.323		Remove: manager 8C2078
0	2019.07.24 16:07:33.323		Remove: manager 8B9140
0	2019.07.24 16:07:33.323		Remove: manager 8B0208
0	2019.07.24 16:07:33.323		Remove: manager 8A72D0
0	2019.07.24 16:07:33.323		Remove: manager 89E398
0	2019.07.24 16:07:33.323		Remove: manager 895460
0	2019.07.24 16:07:40.614		MetaTrader 4 Manager API build 1010 initialized
0	2019.07.24 16:07:40.616		Remove: manager 82D428
0	2019.07.24 16:07:40.616		Remove: manager 8244F0
0	2019.07.24 16:07:40.616		Remove: manager 81B5B8
0	2019.07.24 16:07:40.616		Remove: manager 812680
0	2019.07.24 16:07:40.616		Remove: manager 809748
0	2019.07.24 16:07:40.616		Remove: manager 800810
0	2019.07.24 16:07:40.617		Remove: manager 7F78D8
0	2019.07.24 16:07:40.617		Remove: manager 7EE9A0
0	2019.07.24 16:07:40.617		Remove: manager 7E5A68
0	2019.07.24 16:07:47.286		MetaTrader 4 Manager API build 1010 initialized
0	2019.07.24 16:07:47.289		Remove: manager 72D060
0	2019.07.24 16:07:47.289		Remove: manager 724128
0	2019.07.24 16:07:47.289		Remove: manager 71B1F0
0	2019.07.24 16:07:47.289		Remove: manager 7122B8
0	2019.07.24 16:07:47.289		Remove: manager 709380
0	2019.07.24 16:07:47.289		Remove: manager 700448
0	2019.07.24 16:07:47.289		Remove: manager 6F7510
0	2019.07.24 16:07:47.289		Remove: manager 6EE5D8
0	2019.07.24 16:07:47.289		Remove: manager 6E56A0
0	2019.07.24 16:07:54.615		MetaTrader 4 Manager API build 1010 initialized
0	2019.07.24 16:07:54.617		Remove: manager 70D058
0	2019.07.24 16:07:54.617		Remove: manager 704120
0	2019.07.24 16:07:54.617		Remove: manager 6FB1E8
0	2019.07.24 16:07:54.617		Remove: manager 6F22B0
0	2019.07.24 16:07:54.618		Remove: manager 6E9378
0	2019.07.24 16:07:54.618		Remove: manager 6E0440
0	2019.07.24 16:07:54.618		Remove: manager 6D7508
0	2019.07.24 16:07:54.618		Remove: manager 6CE5D0
0	2019.07.24 16:07:54.618		Remove: manager 6C57A0
0	2019.07.24 16:08:01.300		MetaTrader 4 Manager API build 1010 initialized
0	2019.07.24 16:08:01.304		Remove: manager 77D120
0	2019.07.24 16:08:01.304		Remove: manager 7741E8
0	2019.07.24 16:08:01.304		Remove: manager 76B2B0
0	2019.07.24 16:08:01.304		Remove: manager 762378
0	2019.07.24 16:08:01.304		Remove: manager 759440
0	2019.07.24 16:08:01.304		Remove: manager 750508
0	2019.07.24 16:08:01.304		Remove: manager 7475D0
0	2019.07.24 16:08:01.304		Remove: manager 73E698
0	2019.07.24 16:08:01.304		Remove: manager 735868
0	2019.07.24 16:08:08.589		MetaTrader 4 Manager API build 1010 initialized
0	2019.07.24 16:08:08.592		Remove: manager 95D6D8
0	2019.07.24 16:08:08.592		Remove: manager 9547A0
0	2019.07.24 16:08:08.592		Remove: manager 94B868
0	2019.07.24 16:08:08.592		Remove: manager 942930
0	2019.07.24 16:08:08.592		Remove: manager 9399F8
0	2019.07.24 16:08:08.592		Remove: manager 930AC0
0	2019.07.24 16:08:08.592		Remove: manager 927B88
0	2019.07.24 16:08:08.592		Remove: manager 91ED58
0	2019.07.24 16:08:08.592		Remove: manager 915F28
0	2019.07.24 16:08:15.313		MetaTrader 4 Manager API build 1010 initialized
0	2019.07.24 16:08:15.317		Remove: manager 82CE20
0	2019.07.24 16:08:15.317		Remove: manager 823EE8
0	2019.07.24 16:08:15.317		Remove: manager 81AFB0
0	2019.07.24 16:08:15.317		Remove: manager 812078
0	2019.07.24 16:08:15.317		Remove: manager 809140
0	2019.07.24 16:08:15.317		Remove: manager 800208
0	2019.07.24 16:08:15.317		Remove: manager 7F72D0
0	2019.07.24 16:08:15.317		Remove: manager 7EE398
0	2019.07.24 16:08:15.317		Remove: manager 7E5460
0	2019.07.24 16:08:22.595		MetaTrader 4 Manager API build 1010 initialized
0	2019.07.24 16:08:22.598		Remove: manager 96CAF0
0	2019.07.24 16:08:22.598		Remove: manager 963BB8
0	2019.07.24 16:08:22.598		Remove: manager 95AC80
0	2019.07.24 16:08:22.598		Remove: manager 951D48
0	2019.07.24 16:08:22.598		Remove: manager 948E10
0	2019.07.24 16:08:22.598		Remove: manager 93FED8
0	2019.07.24 16:08:22.598		Remove: manager 936FA0
0	2019.07.24 16:08:22.598		Remove: manager 92E068
0	2019.07.24 16:08:22.598		Remove: manager 925238
0	2019.07.24 16:08:29.307		MetaTrader 4 Manager API build 1010 initialized
0	2019.07.24 16:08:29.310		Remove: manager 6BCE20
0	2019.07.24 16:08:29.310		Remove: manager 6B3EE8
0	2019.07.24 16:08:29.310		Remove: manager 6AAFB0
0	2019.07.24 16:08:29.310		Remove: manager 6A2078
0	2019.07.24 16:08:29.310		Remove: manager 699140
0	2019.07.24 16:08:29.310		Remove: manager 690208
0	2019.07.24 16:08:29.310		Remove: manager 6872D0
0	2019.07.24 16:08:29.310		Remove: manager 67E398
0	2019.07.24 16:08:29.310		Remove: manager 675460
0	2019.07.24 16:08:36.675		MetaTrader 4 Manager API build 1010 initialized
0	2019.07.24 16:08:36.687		Remove: manager 66E1E8
0	2019.07.24 16:08:36.687		Remove: manager 6652B0
0	2019.07.24 16:08:36.687		Remove: manager 65C378
0	2019.07.24 16:08:36.687		Remove: manager 653440
0	2019.07.24 16:08:36.687		Remove: manager 64A508
0	2019.07.24 16:08:36.687		Remove: manager 6415D0
0	2019.07.24 16:08:36.687		Remove: manager 638698
0	2019.07.24 16:08:36.687		Remove: manager 62F760
0	2019.07.24 16:08:36.687		Remove: manager 626828
0	2019.07.24 16:08:43.286		MetaTrader 4 Manager API build 1010 initialized
0	2019.07.24 16:08:43.289		Remove: manager 7ED060
0	2019.07.24 16:08:43.289		Remove: manager 7E4128
0	2019.07.24 16:08:43.289		Remove: manager 7DB1F0
0	2019.07.24 16:08:43.289		Remove: manager 7D22B8
0	2019.07.24 16:08:43.289		Remove: manager 7C9380
0	2019.07.24 16:08:43.289		Remove: manager 7C0448
0	2019.07.24 16:08:43.289		Remove: manager 7B7510
0	2019.07.24 16:08:43.289		Remove: manager 7AE5D8
0	2019.07.24 16:08:43.289		Remove: manager 7A56A0
0	2019.07.24 16:08:50.685		MetaTrader 4 Manager API build 1010 initialized
0	2019.07.24 16:08:50.688		Remove: manager 8CCE20
0	2019.07.24 16:08:50.688		Remove: manager 8C3EE8
0	2019.07.24 16:08:50.688		Remove: manager 8BAFB0
0	2019.07.24 16:08:50.688		Remove: manager 8B2078
0	2019.07.24 16:08:50.688		Remove: manager 8A9140
0	2019.07.24 16:08:50.688		Remove: manager 8A0208
0	2019.07.24 16:08:50.688		Remove: manager 8972D0
0	2019.07.24 16:08:50.688		Remove: manager 88E398
0	2019.07.24 16:08:50.688		Remove: manager 885460
0	2019.07.24 16:08:57.328		MetaTrader 4 Manager API build 1010 initialized
0	2019.07.24 16:08:57.334		Remove: manager 87CE20
0	2019.07.24 16:08:57.334		Remove: manager 873EE8
0	2019.07.24 16:08:57.334		Remove: manager 86AFB0
0	2019.07.24 16:08:57.334		Remove: manager 862078
0	2019.07.24 16:08:57.334		Remove: manager 859140
0	2019.07.24 16:08:57.334		Remove: manager 850208
0	2019.07.24 16:08:57.334		Remove: manager 8472D0
0	2019.07.24 16:08:57.334		Remove: manager 83E398
0	2019.07.24 16:08:57.334		Remove: manager 835460
0	2019.07.24 16:09:04.646		MetaTrader 4 Manager API build 1010 initialized
0	2019.07.24 16:09:04.649		Remove: manager 85CE20
0	2019.07.24 16:09:04.649		Remove: manager 853EE8
0	2019.07.24 16:09:04.649		Remove: manager 84AFB0
0	2019.07.24 16:09:04.649		Remove: manager 842078
0	2019.07.24 16:09:04.649		Remove: manager 839140
0	2019.07.24 16:09:04.649		Remove: manager 830208
0	2019.07.24 16:09:04.649		Remove: manager 8272D0
0	2019.07.24 16:09:04.649		Remove: manager 81E398
0	2019.07.24 16:09:04.649		Remove: manager 815460
0	2019.07.24 16:09:11.331		MetaTrader 4 Manager API build 1010 initialized
0	2019.07.24 16:09:11.337		Remove: manager 70CE20
0	2019.07.24 16:09:11.337		Remove: manager 703EE8
0	2019.07.24 16:09:11.337		Remove: manager 6FAFB0
0	2019.07.24 16:09:11.337		Remove: manager 6F2078
0	2019.07.24 16:09:11.337		Remove: manager 6E9140
0	2019.07.24 16:09:11.337		Remove: manager 6E0208
0	2019.07.24 16:09:11.337		Remove: manager 6D72D0
0	2019.07.24 16:09:11.337		Remove: manager 6CE398
0	2019.07.24 16:09:11.337		Remove: manager 6C5460
0	2019.07.24 16:09:18.735		MetaTrader 4 Manager API build 1010 initialized
0	2019.07.24 16:09:18.738		Remove: manager 87CE20
0	2019.07.24 16:09:18.738		Remove: manager 873EE8
0	2019.07.24 16:09:18.738		Remove: manager 86AFB0
0	2019.07.24 16:09:18.738		Remove: manager 862078
0	2019.07.24 16:09:18.738		Remove: manager 859140
0	2019.07.24 16:09:18.738		Remove: manager 850208
0	2019.07.24 16:09:18.738		Remove: manager 8472D0
0	2019.07.24 16:09:18.738		Remove: manager 83E398
0	2019.07.24 16:09:18.738		Remove: manager 835460
0	2019.07.24 16:09:25.290		MetaTrader 4 Manager API build 1010 initialized
0	2019.07.24 16:09:25.292		Remove: manager 91CE20
0	2019.07.24 16:09:25.292		Remove: manager 913EE8
0	2019.07.24 16:09:25.293		Remove: manager 90AFB0
0	2019.07.24 16:09:25.293		Remove: manager 902078
0	2019.07.24 16:09:25.293		Remove: manager 8F9140
0	2019.07.24 16:09:25.293		Remove: manager 8F0208
0	2019.07.24 16:09:25.293		Remove: manager 8E72D0
0	2019.07.24 16:09:25.293		Remove: manager 8DE398
0	2019.07.24 16:09:25.293		Remove: manager 8D5460
0	2019.07.24 16:09:32.696		MetaTrader 4 Manager API build 1010 initialized
0	2019.07.24 16:09:32.699		Remove: manager 73CDA0
0	2019.07.24 16:09:32.699		Remove: manager 733E68
0	2019.07.24 16:09:32.699		Remove: manager 72AF30
0	2019.07.24 16:09:32.699		Remove: manager 721FF8
0	2019.07.24 16:09:32.699		Remove: manager 7190C0
0	2019.07.24 16:09:32.699		Remove: manager 710188
0	2019.07.24 16:09:32.699		Remove: manager 707250
0	2019.07.24 16:09:32.699		Remove: manager 6FE318
0	2019.07.24 16:09:32.699		Remove: manager 6F53E0
0	2019.07.24 16:09:41.770		MetaTrader 4 Manager API build 1010 initialized
0	2019.07.24 16:09:41.772		Remove: manager 7ECD48
0	2019.07.24 16:09:41.772		Remove: manager 7E3E10
0	2019.07.24 16:09:41.772		Remove: manager 7DAED8
0	2019.07.24 16:09:41.772		Remove: manager 7D1FA0
0	2019.07.24 16:09:41.772		Remove: manager 7C9068
0	2019.07.24 16:09:41.772		Remove: manager 7C0130
0	2019.07.24 16:09:41.772		Remove: manager 7B71F8
0	2019.07.24 16:09:41.772		Remove: manager 7AE2C0
0	2019.07.24 16:09:41.772		Remove: manager 7A5388
0	2019.07.24 16:09:46.617		MetaTrader 4 Manager API build 1010 initialized
0	2019.07.24 16:09:46.620		Remove: manager 76D488
0	2019.07.24 16:09:46.620		Remove: manager 764550
0	2019.07.24 16:09:46.621		Remove: manager 75B618
0	2019.07.24 16:09:46.621		Remove: manager 7526E0
0	2019.07.24 16:09:46.621		Remove: manager 7497A8
0	2019.07.24 16:09:46.621		Remove: manager 740870
0	2019.07.24 16:09:46.621		Remove: manager 737938
0	2019.07.24 16:09:46.621		Remove: manager 72EB08
0	2019.07.24 16:09:46.621		Remove: manager 725CD8
0	2019.07.24 16:09:53.330		MetaTrader 4 Manager API build 1010 initialized
0	2019.07.24 16:09:53.332		Remove: manager 66CEE8
0	2019.07.24 16:09:53.332		Remove: manager 663FB0
0	2019.07.24 16:09:53.332		Remove: manager 65B078
0	2019.07.24 16:09:53.332		Remove: manager 652140
0	2019.07.24 16:09:53.332		Remove: manager 649208
0	2019.07.24 16:09:53.332		Remove: manager 6402D0
0	2019.07.24 16:09:53.332		Remove: manager 637398
0	2019.07.24 16:09:53.332		Remove: manager 62E460
0	2019.07.24 16:09:53.332		Remove: manager 625528
0	2019.07.24 16:10:00.592		MetaTrader 4 Manager API build 1010 initialized
0	2019.07.24 16:10:00.595		Remove: manager 65CE20
0	2019.07.24 16:10:00.595		Remove: manager 653EE8
0	2019.07.24 16:10:00.595		Remove: manager 64AFB0
0	2019.07.24 16:10:00.595		Remove: manager 642078
0	2019.07.24 16:10:00.595		Remove: manager 639140
0	2019.07.24 16:10:00.595		Remove: manager 630208
0	2019.07.24 16:10:00.595		Remove: manager 6272D0
0	2019.07.24 16:10:00.595		Remove: manager 61E398
0	2019.07.24 16:10:00.595		Remove: manager 615460
0	2019.07.24 16:10:07.348		MetaTrader 4 Manager API build 1010 initialized
0	2019.07.24 16:10:07.351		Remove: manager 8FCE20
0	2019.07.24 16:10:07.351		Remove: manager 8F3EE8
0	2019.07.24 16:10:07.351		Remove: manager 8EAFB0
0	2019.07.24 16:10:07.351		Remove: manager 8E2078
0	2019.07.24 16:10:07.351		Remove: manager 8D9140
0	2019.07.24 16:10:07.351		Remove: manager 8D0208
0	2019.07.24 16:10:07.351		Remove: manager 8C72D0
0	2019.07.24 16:10:07.351		Remove: manager 8BE398
0	2019.07.24 16:10:07.351		Remove: manager 8B5460
0	2019.07.24 16:10:14.617		MetaTrader 4 Manager API build 1010 initialized
0	2019.07.24 16:10:14.620		Remove: manager 84D1F8
0	2019.07.24 16:10:14.620		Remove: manager 8442C0
0	2019.07.24 16:10:14.620		Remove: manager 83B388
0	2019.07.24 16:10:14.620		Remove: manager 832450
0	2019.07.24 16:10:14.620		Remove: manager 829518
0	2019.07.24 16:10:14.620		Remove: manager 8205E0
0	2019.07.24 16:10:14.620		Remove: manager 8176A8
0	2019.07.24 16:10:14.620		Remove: manager 80E770
0	2019.07.24 16:10:14.620		Remove: manager 805838
0	2019.07.24 16:10:21.300		MetaTrader 4 Manager API build 1010 initialized
0	2019.07.24 16:10:21.305		Remove: manager 80CE20
0	2019.07.24 16:10:21.305		Remove: manager 803EE8
0	2019.07.24 16:10:21.305		Remove: manager 7FAFB0
0	2019.07.24 16:10:21.305		Remove: manager 7F2078
0	2019.07.24 16:10:21.305		Remove: manager 7E9140
0	2019.07.24 16:10:21.305		Remove: manager 7E0208
0	2019.07.24 16:10:21.305		Remove: manager 7D72D0
0	2019.07.24 16:10:21.305		Remove: manager 7CE398
0	2019.07.24 16:10:21.305		Remove: manager 7C5460
0	2019.07.24 16:10:28.593		MetaTrader 4 Manager API build 1010 initialized
0	2019.07.24 16:10:28.597		Remove: manager 87D1F8
0	2019.07.24 16:10:28.597		Remove: manager 8742C0
0	2019.07.24 16:10:28.597		Remove: manager 86B388
0	2019.07.24 16:10:28.597		Remove: manager 862450
0	2019.07.24 16:10:28.597		Remove: manager 859518
0	2019.07.24 16:10:28.597		Remove: manager 8505E0
0	2019.07.24 16:10:28.597		Remove: manager 8476A8
0	2019.07.24 16:10:28.597		Remove: manager 83E770
0	2019.07.24 16:10:28.597		Remove: manager 835838
0	2019.07.24 16:10:35.324		MetaTrader 4 Manager API build 1010 initialized
0	2019.07.24 16:10:35.326		Remove: manager 97CE20
0	2019.07.24 16:10:35.326		Remove: manager 973EE8
0	2019.07.24 16:10:35.326		Remove: manager 96AFB0
0	2019.07.24 16:10:35.326		Remove: manager 962078
0	2019.07.24 16:10:35.326		Remove: manager 959140
0	2019.07.24 16:10:35.326		Remove: manager 950208
0	2019.07.24 16:10:35.326		Remove: manager 9472D0
0	2019.07.24 16:10:35.326		Remove: manager 93E398
0	2019.07.24 16:10:35.326		Remove: manager 935460
0	2019.07.24 16:10:47.425		MetaTrader 4 Manager API build 1010 initialized
0	2019.07.24 16:10:47.429		Remove: manager 69CE20
0	2019.07.24 16:10:47.429		Remove: manager 693EE8
0	2019.07.24 16:10:47.429		Remove: manager 68AFB0
0	2019.07.24 16:10:47.429		Remove: manager 682078
0	2019.07.24 16:10:47.429		Remove: manager 679140
0	2019.07.24 16:10:47.429		Remove: manager 670208
0	2019.07.24 16:10:47.429		Remove: manager 6672D0
0	2019.07.24 16:10:47.429		Remove: manager 65E398
0	2019.07.24 16:10:47.429		Remove: manager 655460
0	2019.07.24 16:10:57.118		MetaTrader 4 Manager API build 1010 initialized
0	2019.07.24 16:10:57.125		Remove: manager 6CCE20
0	2019.07.24 16:10:57.125		Remove: manager 6C3EE8
0	2019.07.24 16:10:57.125		Remove: manager 6BAFB0
0	2019.07.24 16:10:57.125		Remove: manager 6B2078
0	2019.07.24 16:10:57.125		Remove: manager 6A9140
0	2019.07.24 16:10:57.125		Remove: manager 6A0208
0	2019.07.24 16:10:57.125		Remove: manager 6972D0
0	2019.07.24 16:10:57.125		Remove: manager 68E398
0	2019.07.24 16:10:57.125		Remove: manager 685460
0	2019.07.24 16:11:09.357		MetaTrader 4 Manager API build 1010 initialized
0	2019.07.24 16:11:09.360		Remove: manager 65CE20
0	2019.07.24 16:11:09.360		Remove: manager 653EE8
0	2019.07.24 16:11:09.360		Remove: manager 64AFB0
0	2019.07.24 16:11:09.360		Remove: manager 642078
0	2019.07.24 16:11:09.360		Remove: manager 639140
0	2019.07.24 16:11:09.360		Remove: manager 630208
0	2019.07.24 16:11:09.360		Remove: manager 6272D0
0	2019.07.24 16:11:09.361		Remove: manager 61E398
0	2019.07.24 16:11:09.361		Remove: manager 615460
0	2019.07.24 16:11:17.142		MetaTrader 4 Manager API build 1010 initialized
0	2019.07.24 16:11:17.148		Remove: manager 6ECDA0
0	2019.07.24 16:11:17.148		Remove: manager 6E3E68
0	2019.07.24 16:11:17.148		Remove: manager 6DAF30
0	2019.07.24 16:11:17.148		Remove: manager 6D1FF8
0	2019.07.24 16:11:17.148		Remove: manager 6C90C0
0	2019.07.24 16:11:17.148		Remove: manager 6C0188
0	2019.07.24 16:11:17.148		Remove: manager 6B7250
0	2019.07.24 16:11:17.148		Remove: manager 6AE318
0	2019.07.24 16:11:17.148		Remove: manager 6A53E0
0	2019.07.24 16:11:25.357		MetaTrader 4 Manager API build 1010 initialized
0	2019.07.24 16:11:25.360		Remove: manager 89CE20
0	2019.07.24 16:11:25.360		Remove: manager 893EE8
0	2019.07.24 16:11:25.360		Remove: manager 88AFB0
0	2019.07.24 16:11:25.360		Remove: manager 882078
0	2019.07.24 16:11:25.360		Remove: manager 879140
0	2019.07.24 16:11:25.360		Remove: manager 870208
0	2019.07.24 16:11:25.360		Remove: manager 8672D0
0	2019.07.24 16:11:25.360		Remove: manager 85E398
0	2019.07.24 16:11:25.360		Remove: manager 855460
0	2019.07.24 16:11:34.289		MetaTrader 4 Manager API build 1010 initialized
0	2019.07.24 16:11:34.291		Remove: manager 76CE20
0	2019.07.24 16:11:34.291		Remove: manager 763EE8
0	2019.07.24 16:11:34.291		Remove: manager 75AFB0
0	2019.07.24 16:11:34.291		Remove: manager 752078
0	2019.07.24 16:11:34.291		Remove: manager 749140
0	2019.07.24 16:11:34.291		Remove: manager 740208
0	2019.07.24 16:11:34.291		Remove: manager 7372D0
0	2019.07.24 16:11:34.291		Remove: manager 72E398
0	2019.07.24 16:11:34.291		Remove: manager 725460
0	2019.07.24 16:11:41.362		MetaTrader 4 Manager API build 1010 initialized
0	2019.07.24 16:11:41.365		Remove: manager 6FD548
0	2019.07.24 16:11:41.365		Remove: manager 6F4610
0	2019.07.24 16:11:41.365		Remove: manager 6EB6D8
0	2019.07.24 16:11:41.365		Remove: manager 6E27A0
0	2019.07.24 16:11:41.365		Remove: manager 6D9868
0	2019.07.24 16:11:41.365		Remove: manager 6D0930
0	2019.07.24 16:11:41.365		Remove: manager 6C79F8
0	2019.07.24 16:11:41.365		Remove: manager 6BEBC8
0	2019.07.24 16:11:41.365		Remove: manager 6B5D98
0	2019.07.24 16:11:48.956		MetaTrader 4 Manager API build 1010 initialized
0	2019.07.24 16:11:48.959		Remove: manager 8ED060
0	2019.07.24 16:11:48.959		Remove: manager 8E4128
0	2019.07.24 16:11:48.959		Remove: manager 8DB1F0
0	2019.07.24 16:11:48.959		Remove: manager 8D22B8
0	2019.07.24 16:11:48.959		Remove: manager 8C9380
0	2019.07.24 16:11:48.959		Remove: manager 8C0448
0	2019.07.24 16:11:48.959		Remove: manager 8B7510
0	2019.07.24 16:11:48.959		Remove: manager 8AE5D8
0	2019.07.24 16:11:48.959		Remove: manager 8A56A0
0	2019.07.24 16:11:57.328		MetaTrader 4 Manager API build 1010 initialized
0	2019.07.24 16:11:57.332		Remove: manager 5DD000
0	2019.07.24 16:11:57.332		Remove: manager 5D40C8
0	2019.07.24 16:11:57.332		Remove: manager 5CB190
0	2019.07.24 16:11:57.332		Remove: manager 5C2258
0	2019.07.24 16:11:57.332		Remove: manager 5B9320
0	2019.07.24 16:11:57.332		Remove: manager 5B03E8
0	2019.07.24 16:11:57.332		Remove: manager 5A74B0
0	2019.07.24 16:11:57.332		Remove: manager 59E578
0	2019.07.24 16:11:57.332		Remove: manager 595640
0	2019.07.24 16:12:03.949		MetaTrader 4 Manager API build 1010 initialized
0	2019.07.24 16:12:03.951		Remove: manager 79D100
0	2019.07.24 16:12:03.951		Remove: manager 7941C8
0	2019.07.24 16:12:03.951		Remove: manager 78B290
0	2019.07.24 16:12:03.951		Remove: manager 782358
0	2019.07.24 16:12:03.951		Remove: manager 779420
0	2019.07.24 16:12:03.951		Remove: manager 7704E8
0	2019.07.24 16:12:03.951		Remove: manager 7675B0
0	2019.07.24 16:12:03.951		Remove: manager 75E678
0	2019.07.24 16:12:03.951		Remove: manager 755740
0	2019.07.24 16:12:11.241		MetaTrader 4 Manager API build 1010 initialized
0	2019.07.24 16:12:11.245		Remove: manager 81CFF8
0	2019.07.24 16:12:11.245		Remove: manager 8140C0
0	2019.07.24 16:12:11.245		Remove: manager 80B188
0	2019.07.24 16:12:11.245		Remove: manager 802250
0	2019.07.24 16:12:11.245		Remove: manager 7F9318
0	2019.07.24 16:12:11.245		Remove: manager 7F03E0
0	2019.07.24 16:12:11.245		Remove: manager 7E74A8
0	2019.07.24 16:12:11.245		Remove: manager 7DE570
0	2019.07.24 16:12:11.245		Remove: manager 7D5638
0	2019.07.24 16:12:18.966		MetaTrader 4 Manager API build 1010 initialized
0	2019.07.24 16:12:18.969		Remove: manager 8AD228
0	2019.07.24 16:12:18.969		Remove: manager 8A42F0
0	2019.07.24 16:12:18.969		Remove: manager 89B3B8
0	2019.07.24 16:12:18.969		Remove: manager 892480
0	2019.07.24 16:12:18.969		Remove: manager 889548
0	2019.07.24 16:12:18.969		Remove: manager 880610
0	2019.07.24 16:12:18.969		Remove: manager 8776D8
0	2019.07.24 16:12:18.969		Remove: manager 86E7A0
0	2019.07.24 16:12:18.969		Remove: manager 865868
0	2019.07.24 16:12:26.272		MetaTrader 4 Manager API build 1010 initialized
0	2019.07.24 16:12:26.275		Remove: manager 8BCEA0
0	2019.07.24 16:12:26.275		Remove: manager 8B3F68
0	2019.07.24 16:12:26.275		Remove: manager 8AB030
0	2019.07.24 16:12:26.275		Remove: manager 8A20F8
0	2019.07.24 16:12:26.275		Remove: manager 8991C0
0	2019.07.24 16:12:26.275		Remove: manager 890288
0	2019.07.24 16:12:26.275		Remove: manager 887350
0	2019.07.24 16:12:26.275		Remove: manager 87E418
0	2019.07.24 16:12:26.275		Remove: manager 8754E0
0	2019.07.24 16:12:34.020		MetaTrader 4 Manager API build 1010 initialized
0	2019.07.24 16:12:34.023		Remove: manager 81CE20
0	2019.07.24 16:12:34.023		Remove: manager 813EE8
0	2019.07.24 16:12:34.023		Remove: manager 80AFB0
0	2019.07.24 16:12:34.023		Remove: manager 802078
0	2019.07.24 16:12:34.023		Remove: manager 7F9140
0	2019.07.24 16:12:34.023		Remove: manager 7F0208
0	2019.07.24 16:12:34.023		Remove: manager 7E72D0
0	2019.07.24 16:12:34.023		Remove: manager 7DE398
0	2019.07.24 16:12:34.023		Remove: manager 7D5460
0	2019.07.24 16:12:41.479		MetaTrader 4 Manager API build 1010 initialized
0	2019.07.24 16:12:41.481		Remove: manager 7CCE20
0	2019.07.24 16:12:41.481		Remove: manager 7C3EE8
0	2019.07.24 16:12:41.481		Remove: manager 7BAFB0
0	2019.07.24 16:12:41.481		Remove: manager 7B2078
0	2019.07.24 16:12:41.481		Remove: manager 7A9140
0	2019.07.24 16:12:41.481		Remove: manager 7A0208
0	2019.07.24 16:12:41.481		Remove: manager 7972D0
0	2019.07.24 16:12:41.481		Remove: manager 78E398
0	2019.07.24 16:12:41.481		Remove: manager 785460
0	2019.07.24 16:12:47.955		MetaTrader 4 Manager API build 1010 initialized
0	2019.07.24 16:12:47.957		Remove: manager 67CE20
0	2019.07.24 16:12:47.957		Remove: manager 673EE8
0	2019.07.24 16:12:47.957		Remove: manager 66AFB0
0	2019.07.24 16:12:47.957		Remove: manager 662078
0	2019.07.24 16:12:47.957		Remove: manager 659140
0	2019.07.24 16:12:47.957		Remove: manager 650208
0	2019.07.24 16:12:47.957		Remove: manager 6472D0
0	2019.07.24 16:12:47.957		Remove: manager 63E398
0	2019.07.24 16:12:47.957		Remove: manager 635460
0	2019.07.24 16:12:55.289		MetaTrader 4 Manager API build 1010 initialized
0	2019.07.24 16:12:55.291		Remove: manager 81CE20
0	2019.07.24 16:12:55.291		Remove: manager 813EE8
0	2019.07.24 16:12:55.291		Remove: manager 80AFB0
0	2019.07.24 16:12:55.291		Remove: manager 802078
0	2019.07.24 16:12:55.291		Remove: manager 7F9140
0	2019.07.24 16:12:55.291		Remove: manager 7F0208
0	2019.07.24 16:12:55.291		Remove: manager 7E72D0
0	2019.07.24 16:12:55.291		Remove: manager 7DE398
0	2019.07.24 16:12:55.291		Remove: manager 7D5460
0	2019.07.24 16:13:01.988		MetaTrader 4 Manager API build 1010 initialized
0	2019.07.24 16:13:01.990		Remove: manager 72CE20
0	2019.07.24 16:13:01.991		Remove: manager 723EE8
0	2019.07.24 16:13:01.991		Remove: manager 71AFB0
0	2019.07.24 16:13:01.991		Remove: manager 712078
0	2019.07.24 16:13:01.991		Remove: manager 709140
0	2019.07.24 16:13:01.991		Remove: manager 700208
0	2019.07.24 16:13:01.991		Remove: manager 6F72D0
0	2019.07.24 16:13:01.991		Remove: manager 6EE398
0	2019.07.24 16:13:01.991		Remove: manager 6E5460
0	2019.07.24 16:13:12.401		MetaTrader 4 Manager API build 1010 initialized
0	2019.07.24 16:13:12.406		Remove: manager 7ED1F8
0	2019.07.24 16:13:12.406		Remove: manager 7E42C0
0	2019.07.24 16:13:12.406		Remove: manager 7DB388
0	2019.07.24 16:13:12.406		Remove: manager 7D2450
0	2019.07.24 16:13:12.406		Remove: manager 7C9518
0	2019.07.24 16:13:12.406		Remove: manager 7C05E0
0	2019.07.24 16:13:12.406		Remove: manager 7B76A8
0	2019.07.24 16:13:12.406		Remove: manager 7AE770
0	2019.07.24 16:13:12.406		Remove: manager 7A5838
0	2019.07.24 16:13:18.978		MetaTrader 4 Manager API build 1010 initialized
0	2019.07.24 16:13:18.982		Remove: manager 63CE20
0	2019.07.24 16:13:18.982		Remove: manager 633EE8
0	2019.07.24 16:13:18.982		Remove: manager 62AFB0
0	2019.07.24 16:13:18.982		Remove: manager 622078
0	2019.07.24 16:13:18.982		Remove: manager 619140
0	2019.07.24 16:13:18.982		Remove: manager 610208
0	2019.07.24 16:13:18.982		Remove: manager 6072D0
0	2019.07.24 16:13:18.982		Remove: manager 5FE398
0	2019.07.24 16:13:18.982		Remove: manager 5F5460
0	2019.07.24 16:13:26.298		MetaTrader 4 Manager API build 1010 initialized
0	2019.07.24 16:13:26.303		Remove: manager 61CE20
0	2019.07.24 16:13:26.303		Remove: manager 613EE8
0	2019.07.24 16:13:26.303		Remove: manager 60AFB0
0	2019.07.24 16:13:26.304		Remove: manager 602078
0	2019.07.24 16:13:26.304		Remove: manager 5F9140
0	2019.07.24 16:13:26.304		Remove: manager 5F0208
0	2019.07.24 16:13:26.304		Remove: manager 5E72D0
0	2019.07.24 16:13:26.304		Remove: manager 5DE398
0	2019.07.24 16:13:26.304		Remove: manager 5D5460
0	2019.07.24 16:13:33.465		MetaTrader 4 Manager API build 1010 initialized
0	2019.07.24 16:13:33.468		Remove: manager 89D100
0	2019.07.24 16:13:33.468		Remove: manager 8941C8
0	2019.07.24 16:13:33.468		Remove: manager 88B290
0	2019.07.24 16:13:33.468		Remove: manager 882358
0	2019.07.24 16:13:33.468		Remove: manager 879420
0	2019.07.24 16:13:33.468		Remove: manager 8704E8
0	2019.07.24 16:13:33.468		Remove: manager 8675B0
0	2019.07.24 16:13:33.468		Remove: manager 85E678
0	2019.07.24 16:13:33.468		Remove: manager 855740
0	2019.07.24 16:13:41.262		MetaTrader 4 Manager API build 1010 initialized
0	2019.07.24 16:13:41.267		Remove: manager 73CE20
0	2019.07.24 16:13:41.267		Remove: manager 733EE8
0	2019.07.24 16:13:41.267		Remove: manager 72AFB0
0	2019.07.24 16:13:41.267		Remove: manager 722078
0	2019.07.24 16:13:41.267		Remove: manager 719140
0	2019.07.24 16:13:41.267		Remove: manager 710208
0	2019.07.24 16:13:41.267		Remove: manager 7072D0
0	2019.07.24 16:13:41.267		Remove: manager 6FE398
0	2019.07.24 16:13:41.267		Remove: manager 6F5460
0	2019.07.24 16:13:48.163		MetaTrader 4 Manager API build 1010 initialized
0	2019.07.24 16:13:48.166		Remove: manager 7CD028
0	2019.07.24 16:13:48.166		Remove: manager 7C40F0
0	2019.07.24 16:13:48.166		Remove: manager 7BB1B8
0	2019.07.24 16:13:48.166		Remove: manager 7B2280
0	2019.07.24 16:13:48.166		Remove: manager 7A9348
0	2019.07.24 16:13:48.166		Remove: manager 7A0410
0	2019.07.24 16:13:48.166		Remove: manager 7974D8
0	2019.07.24 16:13:48.166		Remove: manager 78E5A0
0	2019.07.24 16:13:48.166		Remove: manager 785668
0	2019.07.24 16:13:56.483		MetaTrader 4 Manager API build 1010 initialized
0	2019.07.24 16:13:56.485		Remove: manager 8CCE20
0	2019.07.24 16:13:56.485		Remove: manager 8C3EE8
0	2019.07.24 16:13:56.485		Remove: manager 8BAFB0
0	2019.07.24 16:13:56.485		Remove: manager 8B2078
0	2019.07.24 16:13:56.485		Remove: manager 8A9140
0	2019.07.24 16:13:56.486		Remove: manager 8A0208
0	2019.07.24 16:13:56.486		Remove: manager 8972D0
0	2019.07.24 16:13:56.486		Remove: manager 88E398
0	2019.07.24 16:13:56.486		Remove: manager 885460
0	2019.07.24 16:14:03.146		MetaTrader 4 Manager API build 1010 initialized
0	2019.07.24 16:14:03.150		Remove: manager 6ACE20
0	2019.07.24 16:14:03.150		Remove: manager 6A3EE8
0	2019.07.24 16:14:03.150		Remove: manager 69AFB0
0	2019.07.24 16:14:03.150		Remove: manager 692078
0	2019.07.24 16:14:03.150		Remove: manager 689140
0	2019.07.24 16:14:03.150		Remove: manager 680208
0	2019.07.24 16:14:03.150		Remove: manager 6772D0
0	2019.07.24 16:14:03.150		Remove: manager 66E398
0	2019.07.24 16:14:03.150		Remove: manager 665460
0	2019.07.24 16:14:11.258		MetaTrader 4 Manager API build 1010 initialized
0	2019.07.24 16:14:11.261		Remove: manager 7CCE20
0	2019.07.24 16:14:11.261		Remove: manager 7C3EE8
0	2019.07.24 16:14:11.261		Remove: manager 7BAFB0
0	2019.07.24 16:14:11.261		Remove: manager 7B2078
0	2019.07.24 16:14:11.261		Remove: manager 7A9140
0	2019.07.24 16:14:11.261		Remove: manager 7A0208
0	2019.07.24 16:14:11.261		Remove: manager 7972D0
0	2019.07.24 16:14:11.261		Remove: manager 78E398
0	2019.07.24 16:14:11.261		Remove: manager 785460
0	2019.07.24 16:14:18.064		MetaTrader 4 Manager API build 1010 initialized
0	2019.07.24 16:14:18.069		Remove: manager 79CE20
0	2019.07.24 16:14:18.069		Remove: manager 793EE8
0	2019.07.24 16:14:18.069		Remove: manager 78AFB0
0	2019.07.24 16:14:18.069		Remove: manager 782078
0	2019.07.24 16:14:18.069		Remove: manager 779140
0	2019.07.24 16:14:18.069		Remove: manager 770208
0	2019.07.24 16:14:18.069		Remove: manager 7672D0
0	2019.07.24 16:14:18.069		Remove: manager 75E398
0	2019.07.24 16:14:18.069		Remove: manager 755460
0	2019.07.24 16:14:25.335		MetaTrader 4 Manager API build 1010 initialized
0	2019.07.24 16:14:25.341		Remove: manager 75CE20
0	2019.07.24 16:14:25.341		Remove: manager 753EE8
0	2019.07.24 16:14:25.341		Remove: manager 74AFB0
0	2019.07.24 16:14:25.341		Remove: manager 742078
0	2019.07.24 16:14:25.341		Remove: manager 739140
0	2019.07.24 16:14:25.341		Remove: manager 730208
0	2019.07.24 16:14:25.341		Remove: manager 7272D0
0	2019.07.24 16:14:25.341		Remove: manager 71E398
0	2019.07.24 16:14:25.341		Remove: manager 715460
0	2019.07.24 16:14:32.345		MetaTrader 4 Manager API build 1010 initialized
0	2019.07.24 16:14:32.348		Remove: manager 88CDA0
0	2019.07.24 16:14:32.348		Remove: manager 883E68
0	2019.07.24 16:14:32.348		Remove: manager 87AF30
0	2019.07.24 16:14:32.348		Remove: manager 871FF8
0	2019.07.24 16:14:32.348		Remove: manager 8690C0
0	2019.07.24 16:14:32.348		Remove: manager 860188
0	2019.07.24 16:14:32.349		Remove: manager 857250
0	2019.07.24 16:14:32.349		Remove: manager 84E318
0	2019.07.24 16:14:32.349		Remove: manager 8453E0
0	2019.07.24 16:14:39.347		MetaTrader 4 Manager API build 1010 initialized
0	2019.07.24 16:14:39.350		Remove: manager 95CDA0
0	2019.07.24 16:14:39.350		Remove: manager 953E68
0	2019.07.24 16:14:39.351		Remove: manager 94AF30
0	2019.07.24 16:14:39.351		Remove: manager 941FF8
0	2019.07.24 16:14:39.351		Remove: manager 9390C0
0	2019.07.24 16:14:39.351		Remove: manager 930188
0	2019.07.24 16:14:39.351		Remove: manager 927250
0	2019.07.24 16:14:39.351		Remove: manager 91E318
0	2019.07.24 16:14:39.351		Remove: manager 9153E0
0	2019.07.24 16:14:49.325		MetaTrader 4 Manager API build 1010 initialized
0	2019.07.24 16:14:49.328		Remove: manager 8DD058
0	2019.07.24 16:14:49.328		Remove: manager 8D4120
0	2019.07.24 16:14:49.328		Remove: manager 8CB1E8
0	2019.07.24 16:14:49.328		Remove: manager 8C22B0
0	2019.07.24 16:14:49.328		Remove: manager 8B9378
0	2019.07.24 16:14:49.328		Remove: manager 8B0440
0	2019.07.24 16:14:49.328		Remove: manager 8A7508
0	2019.07.24 16:14:49.328		Remove: manager 89E5D0
0	2019.07.24 16:14:49.328		Remove: manager 8957A0
0	2019.07.24 16:14:54.339		MetaTrader 4 Manager API build 1010 initialized
0	2019.07.24 16:14:54.342		Remove: manager 78CE20
0	2019.07.24 16:14:54.342		Remove: manager 783EE8
0	2019.07.24 16:14:54.342		Remove: manager 77AFB0
0	2019.07.24 16:14:54.342		Remove: manager 772078
0	2019.07.24 16:14:54.342		Remove: manager 769140
0	2019.07.24 16:14:54.342		Remove: manager 760208
0	2019.07.24 16:14:54.342		Remove: manager 7572D0
0	2019.07.24 16:14:54.342		Remove: manager 74E398
0	2019.07.24 16:14:54.342		Remove: manager 745460
0	2019.07.24 16:15:00.964		MetaTrader 4 Manager API build 1010 initialized
0	2019.07.24 16:15:00.967		Remove: manager 67CE20
0	2019.07.24 16:15:00.967		Remove: manager 673EE8
0	2019.07.24 16:15:00.967		Remove: manager 66AFB0
0	2019.07.24 16:15:00.967		Remove: manager 662078
0	2019.07.24 16:15:00.967		Remove: manager 659140
0	2019.07.24 16:15:00.967		Remove: manager 650208
0	2019.07.24 16:15:00.967		Remove: manager 6472D0
0	2019.07.24 16:15:00.967		Remove: manager 63E398
0	2019.07.24 16:15:00.967		Remove: manager 635460
0	2019.07.24 16:15:08.320		MetaTrader 4 Manager API build 1010 initialized
0	2019.07.24 16:15:08.323		Remove: manager 85CE20
0	2019.07.24 16:15:08.323		Remove: manager 853EE8
0	2019.07.24 16:15:08.323		Remove: manager 84AFB0
0	2019.07.24 16:15:08.323		Remove: manager 842078
0	2019.07.24 16:15:08.323		Remove: manager 839140
0	2019.07.24 16:15:08.323		Remove: manager 830208
0	2019.07.24 16:15:08.323		Remove: manager 8272D0
0	2019.07.24 16:15:08.323		Remove: manager 81E398
0	2019.07.24 16:15:08.323		Remove: manager 815460
0	2019.07.24 16:15:15.020		MetaTrader 4 Manager API build 1010 initialized
0	2019.07.24 16:15:15.023		Remove: manager 65CE20
0	2019.07.24 16:15:15.023		Remove: manager 653EE8
0	2019.07.24 16:15:15.023		Remove: manager 64AFB0
0	2019.07.24 16:15:15.023		Remove: manager 642078
0	2019.07.24 16:15:15.023		Remove: manager 639140
0	2019.07.24 16:15:15.023		Remove: manager 630208
0	2019.07.24 16:15:15.023		Remove: manager 6272D0
0	2019.07.24 16:15:15.023		Remove: manager 61E398
0	2019.07.24 16:15:15.023		Remove: manager 615460
0	2019.07.24 16:15:24.288		MetaTrader 4 Manager API build 1010 initialized
0	2019.07.24 16:15:24.290		Remove: manager 89D058
0	2019.07.24 16:15:24.290		Remove: manager 894120
0	2019.07.24 16:15:24.290		Remove: manager 88B1E8
0	2019.07.24 16:15:24.290		Remove: manager 8822B0
0	2019.07.24 16:15:24.290		Remove: manager 879378
0	2019.07.24 16:15:24.290		Remove: manager 870440
0	2019.07.24 16:15:24.290		Remove: manager 867508
0	2019.07.24 16:15:24.291		Remove: manager 85E5D0
0	2019.07.24 16:15:24.291		Remove: manager 8557A0
0	2019.07.24 16:15:31.379		MetaTrader 4 Manager API build 1010 initialized
0	2019.07.24 16:15:31.382		Remove: manager 7DD000
0	2019.07.24 16:15:31.382		Remove: manager 7D40C8
0	2019.07.24 16:15:31.382		Remove: manager 7CB190
0	2019.07.24 16:15:31.382		Remove: manager 7C2258
0	2019.07.24 16:15:31.382		Remove: manager 7B9320
0	2019.07.24 16:15:31.382		Remove: manager 7B03E8
0	2019.07.24 16:15:31.382		Remove: manager 7A74B0
0	2019.07.24 16:15:31.382		Remove: manager 79E578
0	2019.07.24 16:15:31.382		Remove: manager 795640
0	2019.07.24 16:15:39.290		MetaTrader 4 Manager API build 1010 initialized
0	2019.07.24 16:15:39.295		Remove: manager 99D400
0	2019.07.24 16:15:39.295		Remove: manager 9944C8
0	2019.07.24 16:15:39.295		Remove: manager 98B590
0	2019.07.24 16:15:39.295		Remove: manager 982658
0	2019.07.24 16:15:39.295		Remove: manager 979720
0	2019.07.24 16:15:39.295		Remove: manager 9707E8
0	2019.07.24 16:15:39.295		Remove: manager 9678B0
0	2019.07.24 16:15:39.295		Remove: manager 95E978
0	2019.07.24 16:15:39.295		Remove: manager 955A40
0	2019.07.24 16:15:47.038		MetaTrader 4 Manager API build 1010 initialized
0	2019.07.24 16:15:47.044		Remove: manager 61CE20
0	2019.07.24 16:15:47.044		Remove: manager 613EE8
0	2019.07.24 16:15:47.044		Remove: manager 60AFB0
0	2019.07.24 16:15:47.044		Remove: manager 602078
0	2019.07.24 16:15:47.044		Remove: manager 5F9140
0	2019.07.24 16:15:47.044		Remove: manager 5F0208
0	2019.07.24 16:15:47.044		Remove: manager 5E72D0
0	2019.07.24 16:15:47.044		Remove: manager 5DE398
0	2019.07.24 16:15:47.044		Remove: manager 5D5460
0	2019.07.24 16:15:54.273		MetaTrader 4 Manager API build 1010 initialized
0	2019.07.24 16:15:54.276		Remove: manager 68D058
0	2019.07.24 16:15:54.276		Remove: manager 684120
0	2019.07.24 16:15:54.276		Remove: manager 67B1E8
0	2019.07.24 16:15:54.276		Remove: manager 6722B0
0	2019.07.24 16:15:54.276		Remove: manager 669378
0	2019.07.24 16:15:54.276		Remove: manager 660440
0	2019.07.24 16:15:54.276		Remove: manager 657508
0	2019.07.24 16:15:54.276		Remove: manager 64E5D0
0	2019.07.24 16:15:54.276		Remove: manager 6457A0
0	2019.07.24 16:16:01.145		MetaTrader 4 Manager API build 1010 initialized
0	2019.07.24 16:16:01.147		Remove: manager 8ACFF8
0	2019.07.24 16:16:01.147		Remove: manager 8A40C0
0	2019.07.24 16:16:01.147		Remove: manager 89B188
0	2019.07.24 16:16:01.147		Remove: manager 892250
0	2019.07.24 16:16:01.147		Remove: manager 889318
0	2019.07.24 16:16:01.147		Remove: manager 8803E0
0	2019.07.24 16:16:01.147		Remove: manager 8774A8
0	2019.07.24 16:16:01.147		Remove: manager 86E570
0	2019.07.24 16:16:01.147		Remove: manager 865638
0	2019.07.24 16:16:08.797		MetaTrader 4 Manager API build 1010 initialized
0	2019.07.24 16:16:08.803		Remove: manager 90D060
0	2019.07.24 16:16:08.803		Remove: manager 904128
0	2019.07.24 16:16:08.803		Remove: manager 8FB1F0
0	2019.07.24 16:16:08.803		Remove: manager 8F22B8
0	2019.07.24 16:16:08.803		Remove: manager 8E9380
0	2019.07.24 16:16:08.803		Remove: manager 8E0448
0	2019.07.24 16:16:08.803		Remove: manager 8D7510
0	2019.07.24 16:16:08.803		Remove: manager 8CE5D8
0	2019.07.24 16:16:08.803		Remove: manager 8C56A0
0	2019.07.24 16:16:15.964		MetaTrader 4 Manager API build 1010 initialized
0	2019.07.24 16:16:15.966		Remove: manager 97CE20
0	2019.07.24 16:16:15.966		Remove: manager 973EE8
0	2019.07.24 16:16:15.967		Remove: manager 96AFB0
0	2019.07.24 16:16:15.967		Remove: manager 962078
0	2019.07.24 16:16:15.967		Remove: manager 959140
0	2019.07.24 16:16:15.967		Remove: manager 950208
0	2019.07.24 16:16:15.967		Remove: manager 9472D0
0	2019.07.24 16:16:15.967		Remove: manager 93E398
0	2019.07.24 16:16:15.967		Remove: manager 935460
0	2019.07.24 16:16:23.315		MetaTrader 4 Manager API build 1010 initialized
0	2019.07.24 16:16:23.318		Remove: manager 7BD058
0	2019.07.24 16:16:23.318		Remove: manager 7B4120
0	2019.07.24 16:16:23.318		Remove: manager 7AB1E8
0	2019.07.24 16:16:23.318		Remove: manager 7A22B0
0	2019.07.24 16:16:23.318		Remove: manager 799378
0	2019.07.24 16:16:23.318		Remove: manager 790440
0	2019.07.24 16:16:23.318		Remove: manager 787508
0	2019.07.24 16:16:23.318		Remove: manager 77E5D0
0	2019.07.24 16:16:23.318		Remove: manager 7757A0
0	2019.07.24 16:16:29.979		MetaTrader 4 Manager API build 1010 initialized
0	2019.07.24 16:16:29.982		Remove: manager 66CE20
0	2019.07.24 16:16:29.982		Remove: manager 663EE8
0	2019.07.24 16:16:29.982		Remove: manager 65AFB0
0	2019.07.24 16:16:29.982		Remove: manager 652078
0	2019.07.24 16:16:29.982		Remove: manager 649140
0	2019.07.24 16:16:29.982		Remove: manager 640208
0	2019.07.24 16:16:29.982		Remove: manager 6372D0
0	2019.07.24 16:16:29.982		Remove: manager 62E398
0	2019.07.24 16:16:29.982		Remove: manager 625460
0	2019.07.24 16:16:38.398		MetaTrader 4 Manager API build 1010 initialized
0	2019.07.24 16:16:38.401		Remove: manager 7ED078
0	2019.07.24 16:16:38.401		Remove: manager 7E4140
0	2019.07.24 16:16:38.401		Remove: manager 7DB208
0	2019.07.24 16:16:38.401		Remove: manager 7D22D0
0	2019.07.24 16:16:38.401		Remove: manager 7C9398
0	2019.07.24 16:16:38.401		Remove: manager 7C0460
0	2019.07.24 16:16:38.401		Remove: manager 7B7528
0	2019.07.24 16:16:38.401		Remove: manager 7AE5F0
0	2019.07.24 16:16:38.401		Remove: manager 7A56B8
0	2019.07.24 16:16:46.980		MetaTrader 4 Manager API build 1010 initialized
0	2019.07.24 16:16:46.983		Remove: manager 86CE20
0	2019.07.24 16:16:46.983		Remove: manager 863EE8
0	2019.07.24 16:16:46.984		Remove: manager 85AFB0
0	2019.07.24 16:16:46.984		Remove: manager 852078
0	2019.07.24 16:16:46.984		Remove: manager 849140
0	2019.07.24 16:16:46.984		Remove: manager 840208
0	2019.07.24 16:16:46.984		Remove: manager 8372D0
0	2019.07.24 16:16:46.984		Remove: manager 82E398
0	2019.07.24 16:16:46.984		Remove: manager 825460
0	2019.07.24 16:16:54.267		MetaTrader 4 Manager API build 1010 initialized
0	2019.07.24 16:16:54.270		Remove: manager 5FCE20
0	2019.07.24 16:16:54.270		Remove: manager 5F3EE8
0	2019.07.24 16:16:54.270		Remove: manager 5EAFB0
0	2019.07.24 16:16:54.270		Remove: manager 5E2078
0	2019.07.24 16:16:54.270		Remove: manager 5D9140
0	2019.07.24 16:16:54.270		Remove: manager 5D0208
0	2019.07.24 16:16:54.270		Remove: manager 5C72D0
0	2019.07.24 16:16:54.270		Remove: manager 5BE398
0	2019.07.24 16:16:54.270		Remove: manager 5B5460
0	2019.07.24 16:17:00.992		MetaTrader 4 Manager API build 1010 initialized
0	2019.07.24 16:17:00.996		Remove: manager 7DCE20
0	2019.07.24 16:17:00.996		Remove: manager 7D3EE8
0	2019.07.24 16:17:00.996		Remove: manager 7CAFB0
0	2019.07.24 16:17:00.996		Remove: manager 7C2078
0	2019.07.24 16:17:00.996		Remove: manager 7B9140
0	2019.07.24 16:17:00.996		Remove: manager 7B0208
0	2019.07.24 16:17:00.996		Remove: manager 7A72D0
0	2019.07.24 16:17:00.996		Remove: manager 79E398
0	2019.07.24 16:17:00.996		Remove: manager 795460
0	2019.07.24 16:17:08.299		MetaTrader 4 Manager API build 1010 initialized
0	2019.07.24 16:17:08.302		Remove: manager 75CE20
0	2019.07.24 16:17:08.302		Remove: manager 753EE8
0	2019.07.24 16:17:08.302		Remove: manager 74AFB0
0	2019.07.24 16:17:08.302		Remove: manager 742078
0	2019.07.24 16:17:08.302		Remove: manager 739140
0	2019.07.24 16:17:08.302		Remove: manager 730208
0	2019.07.24 16:17:08.302		Remove: manager 7272D0
0	2019.07.24 16:17:08.302		Remove: manager 71E398
0	2019.07.24 16:17:08.302		Remove: manager 715460
0	2019.07.24 16:17:15.159		MetaTrader 4 Manager API build 1010 initialized
0	2019.07.24 16:17:15.167		Remove: manager 86CE20
0	2019.07.24 16:17:15.167		Remove: manager 863EE8
0	2019.07.24 16:17:15.167		Remove: manager 85AFB0
0	2019.07.24 16:17:15.167		Remove: manager 852078
0	2019.07.24 16:17:15.167		Remove: manager 849140
0	2019.07.24 16:17:15.167		Remove: manager 840208
0	2019.07.24 16:17:15.167		Remove: manager 8372D0
0	2019.07.24 16:17:15.167		Remove: manager 82E398
0	2019.07.24 16:17:15.167		Remove: manager 825460
0	2019.07.24 16:17:23.293		MetaTrader 4 Manager API build 1010 initialized
0	2019.07.24 16:17:23.296		Remove: manager 8BCE20
0	2019.07.24 16:17:23.296		Remove: manager 8B3EE8
0	2019.07.24 16:17:23.296		Remove: manager 8AAFB0
0	2019.07.24 16:17:23.296		Remove: manager 8A2078
0	2019.07.24 16:17:23.296		Remove: manager 899140
0	2019.07.24 16:17:23.296		Remove: manager 890208
0	2019.07.24 16:17:23.296		Remove: manager 8872D0
0	2019.07.24 16:17:23.296		Remove: manager 87E398
0	2019.07.24 16:17:23.296		Remove: manager 875460
0	2019.07.24 16:17:29.945		MetaTrader 4 Manager API build 1010 initialized
0	2019.07.24 16:17:29.948		Remove: manager 86CE20
0	2019.07.24 16:17:29.948		Remove: manager 863EE8
0	2019.07.24 16:17:29.948		Remove: manager 85AFB0
0	2019.07.24 16:17:29.948		Remove: manager 852078
0	2019.07.24 16:17:29.948		Remove: manager 849140
0	2019.07.24 16:17:29.948		Remove: manager 840208
0	2019.07.24 16:17:29.948		Remove: manager 8372D0
0	2019.07.24 16:17:29.948		Remove: manager 82E398
0	2019.07.24 16:17:29.948		Remove: manager 825460
0	2019.07.24 16:17:37.241		MetaTrader 4 Manager API build 1010 initialized
0	2019.07.24 16:17:37.243		Remove: manager 75CFF8
0	2019.07.24 16:17:37.243		Remove: manager 7540C0
0	2019.07.24 16:17:37.243		Remove: manager 74B188
0	2019.07.24 16:17:37.243		Remove: manager 742250
0	2019.07.24 16:17:37.243		Remove: manager 739318
0	2019.07.24 16:17:37.243		Remove: manager 7303E0
0	2019.07.24 16:17:37.243		Remove: manager 7274A8
0	2019.07.24 16:17:37.244		Remove: manager 71E570
0	2019.07.24 16:17:37.244		Remove: manager 715638
0	2019.07.24 16:17:44.996		MetaTrader 4 Manager API build 1010 initialized
0	2019.07.24 16:17:44.998		Remove: manager 6ACE20
0	2019.07.24 16:17:44.998		Remove: manager 6A3EE8
0	2019.07.24 16:17:44.999		Remove: manager 69AFB0
0	2019.07.24 16:17:44.999		Remove: manager 692078
0	2019.07.24 16:17:44.999		Remove: manager 689140
0	2019.07.24 16:17:44.999		Remove: manager 680208
0	2019.07.24 16:17:44.999		Remove: manager 6772D0
0	2019.07.24 16:17:44.999		Remove: manager 66E398
0	2019.07.24 16:17:44.999		Remove: manager 665460
0	2019.07.24 16:17:52.264		MetaTrader 4 Manager API build 1010 initialized
0	2019.07.24 16:17:52.267		Remove: manager 61CFF8
0	2019.07.24 16:17:52.267		Remove: manager 6140C0
0	2019.07.24 16:17:52.267		Remove: manager 60B188
0	2019.07.24 16:17:52.267		Remove: manager 602250
0	2019.07.24 16:17:52.267		Remove: manager 5F9318
0	2019.07.24 16:17:52.267		Remove: manager 5F03E0
0	2019.07.24 16:17:52.267		Remove: manager 5E74A8
0	2019.07.24 16:17:52.267		Remove: manager 5DE570
0	2019.07.24 16:17:52.267		Remove: manager 5D5638
0	2019.07.24 16:17:58.969		MetaTrader 4 Manager API build 1010 initialized
0	2019.07.24 16:17:58.973		Remove: manager 9CCE20
0	2019.07.24 16:17:58.973		Remove: manager 9C3EE8
0	2019.07.24 16:17:58.973		Remove: manager 9BAFB0
0	2019.07.24 16:17:58.973		Remove: manager 9B2078
0	2019.07.24 16:17:58.973		Remove: manager 9A9140
0	2019.07.24 16:17:58.973		Remove: manager 9A0208
0	2019.07.24 16:17:58.973		Remove: manager 9972D0
0	2019.07.24 16:17:58.973		Remove: manager 98E398
0	2019.07.24 16:17:58.973		Remove: manager 985460
0	2019.07.24 16:18:07.233		MetaTrader 4 Manager API build 1010 initialized
0	2019.07.24 16:18:07.236		Remove: manager 88D058
0	2019.07.24 16:18:07.236		Remove: manager 884120
0	2019.07.24 16:18:07.236		Remove: manager 87B1E8
0	2019.07.24 16:18:07.236		Remove: manager 8722B0
0	2019.07.24 16:18:07.236		Remove: manager 869378
0	2019.07.24 16:18:07.236		Remove: manager 860440
0	2019.07.24 16:18:07.236		Remove: manager 857508
0	2019.07.24 16:18:07.236		Remove: manager 84E5D0
0	2019.07.24 16:18:07.236		Remove: manager 8457A0
0	2019.07.24 16:18:13.941		MetaTrader 4 Manager API build 1010 initialized
0	2019.07.24 16:18:13.943		Remove: manager 68D300
0	2019.07.24 16:18:13.943		Remove: manager 6843C8
0	2019.07.24 16:18:13.943		Remove: manager 67B490
0	2019.07.24 16:18:13.943		Remove: manager 672558
0	2019.07.24 16:18:13.943		Remove: manager 669620
0	2019.07.24 16:18:13.943		Remove: manager 6606E8
0	2019.07.24 16:18:13.943		Remove: manager 6577B0
0	2019.07.24 16:18:13.943		Remove: manager 64E878
0	2019.07.24 16:18:13.943		Remove: manager 645940
0	2019.07.24 16:18:21.324		MetaTrader 4 Manager API build 1010 initialized
0	2019.07.24 16:18:21.327		Remove: manager 7CCE20
0	2019.07.24 16:18:21.327		Remove: manager 7C3EE8
0	2019.07.24 16:18:21.327		Remove: manager 7BAFB0
0	2019.07.24 16:18:21.327		Remove: manager 7B2078
0	2019.07.24 16:18:21.327		Remove: manager 7A9140
0	2019.07.24 16:18:21.327		Remove: manager 7A0208
0	2019.07.24 16:18:21.327		Remove: manager 7972D0
0	2019.07.24 16:18:21.327		Remove: manager 78E398
0	2019.07.24 16:18:21.327		Remove: manager 785460
0	2019.07.24 16:18:28.153		MetaTrader 4 Manager API build 1010 initialized
0	2019.07.24 16:18:28.156		Remove: manager 81D058
0	2019.07.24 16:18:28.156		Remove: manager 814120
0	2019.07.24 16:18:28.156		Remove: manager 80B1E8
0	2019.07.24 16:18:28.156		Remove: manager 8022B0
0	2019.07.24 16:18:28.156		Remove: manager 7F9378
0	2019.07.24 16:18:28.156		Remove: manager 7F0440
0	2019.07.24 16:18:28.156		Remove: manager 7E7508
0	2019.07.24 16:18:28.156		Remove: manager 7DE5D0
0	2019.07.24 16:18:28.156		Remove: manager 7D57A0
0	2019.07.24 16:18:35.295		MetaTrader 4 Manager API build 1010 initialized
0	2019.07.24 16:18:35.299		Remove: manager 77D060
0	2019.07.24 16:18:35.299		Remove: manager 774128
0	2019.07.24 16:18:35.299		Remove: manager 76B1F0
0	2019.07.24 16:18:35.299		Remove: manager 7622B8
0	2019.07.24 16:18:35.299		Remove: manager 759380
0	2019.07.24 16:18:35.299		Remove: manager 750448
0	2019.07.24 16:18:35.299		Remove: manager 747510
0	2019.07.24 16:18:35.299		Remove: manager 73E5D8
0	2019.07.24 16:18:35.299		Remove: manager 7356A0
0	2019.07.24 16:18:41.973		MetaTrader 4 Manager API build 1010 initialized
0	2019.07.24 16:18:41.976		Remove: manager 8FCDA0
0	2019.07.24 16:18:41.976		Remove: manager 8F3E68
0	2019.07.24 16:18:41.976		Remove: manager 8EAF30
0	2019.07.24 16:18:41.976		Remove: manager 8E1FF8
0	2019.07.24 16:18:41.976		Remove: manager 8D90C0
0	2019.07.24 16:18:41.976		Remove: manager 8D0188
0	2019.07.24 16:18:41.976		Remove: manager 8C7250
0	2019.07.24 16:18:41.976		Remove: manager 8BE318
0	2019.07.24 16:18:41.976		Remove: manager 8B53E0
0	2019.07.24 16:18:49.356		MetaTrader 4 Manager API build 1010 initialized
0	2019.07.24 16:18:49.359		Remove: manager 77D100
0	2019.07.24 16:18:49.359		Remove: manager 7741C8
0	2019.07.24 16:18:49.359		Remove: manager 76B290
0	2019.07.24 16:18:49.359		Remove: manager 762358
0	2019.07.24 16:18:49.359		Remove: manager 759420
0	2019.07.24 16:18:49.359		Remove: manager 7504E8
0	2019.07.24 16:18:49.359		Remove: manager 7475B0
0	2019.07.24 16:18:49.359		Remove: manager 73E678
0	2019.07.24 16:18:49.359		Remove: manager 735740
0	2019.07.24 16:18:56.031		MetaTrader 4 Manager API build 1010 initialized
0	2019.07.24 16:18:56.034		Remove: manager 96D060
0	2019.07.24 16:18:56.034		Remove: manager 964128
0	2019.07.24 16:18:56.034		Remove: manager 95B1F0
0	2019.07.24 16:18:56.034		Remove: manager 9522B8
0	2019.07.24 16:18:56.034		Remove: manager 949380
0	2019.07.24 16:18:56.034		Remove: manager 940448
0	2019.07.24 16:18:56.034		Remove: manager 937510
0	2019.07.24 16:18:56.034		Remove: manager 92E5D8
0	2019.07.24 16:18:56.034		Remove: manager 9256A0
0	2019.07.24 16:19:03.309		MetaTrader 4 Manager API build 1010 initialized
0	2019.07.24 16:19:03.312		Remove: manager 83CDA0
0	2019.07.24 16:19:03.312		Remove: manager 833E68
0	2019.07.24 16:19:03.312		Remove: manager 82AF30
0	2019.07.24 16:19:03.312		Remove: manager 821FF8
0	2019.07.24 16:19:03.312		Remove: manager 8190C0
0	2019.07.24 16:19:03.312		Remove: manager 810188
0	2019.07.24 16:19:03.312		Remove: manager 807250
0	2019.07.24 16:19:03.312		Remove: manager 7FE318
0	2019.07.24 16:19:03.312		Remove: manager 7F53E0
0	2019.07.24 16:19:10.382		MetaTrader 4 Manager API build 1010 initialized
0	2019.07.24 16:19:10.385		Remove: manager 8BCDA0
0	2019.07.24 16:19:10.385		Remove: manager 8B3E68
0	2019.07.24 16:19:10.385		Remove: manager 8AAF30
0	2019.07.24 16:19:10.385		Remove: manager 8A1FF8
0	2019.07.24 16:19:10.385		Remove: manager 8990C0
0	2019.07.24 16:19:10.385		Remove: manager 890188
0	2019.07.24 16:19:10.385		Remove: manager 887250
0	2019.07.24 16:19:10.385		Remove: manager 87E318
0	2019.07.24 16:19:10.385		Remove: manager 8753E0
0	2019.07.24 16:19:18.622		MetaTrader 4 Manager API build 1010 initialized
0	2019.07.24 16:19:18.625		Remove: manager 62D060
0	2019.07.24 16:19:18.625		Remove: manager 624128
0	2019.07.24 16:19:18.625		Remove: manager 61B1F0
0	2019.07.24 16:19:18.625		Remove: manager 6122B8
0	2019.07.24 16:19:18.625		Remove: manager 609380
0	2019.07.24 16:19:18.625		Remove: manager 600448
0	2019.07.24 16:19:18.625		Remove: manager 5F7510
0	2019.07.24 16:19:18.625		Remove: manager 5EE5D8
0	2019.07.24 16:19:18.625		Remove: manager 5E56A0
0	2019.07.24 16:19:25.765		MetaTrader 4 Manager API build 1010 initialized
0	2019.07.24 16:19:25.775		Remove: manager 91CDA0
0	2019.07.24 16:19:25.775		Remove: manager 913E68
0	2019.07.24 16:19:25.775		Remove: manager 90AF30
0	2019.07.24 16:19:25.775		Remove: manager 901FF8
0	2019.07.24 16:19:25.775		Remove: manager 8F90C0
0	2019.07.24 16:19:25.775		Remove: manager 8F0188
0	2019.07.24 16:19:25.775		Remove: manager 8E7250
0	2019.07.24 16:19:25.775		Remove: manager 8DE318
0	2019.07.24 16:19:25.775		Remove: manager 8D53E0
0	2019.07.24 16:19:33.271		MetaTrader 4 Manager API build 1010 initialized
0	2019.07.24 16:19:33.276		Remove: manager 99CE20
0	2019.07.24 16:19:33.276		Remove: manager 993EE8
0	2019.07.24 16:19:33.276		Remove: manager 98AFB0
0	2019.07.24 16:19:33.276		Remove: manager 982078
0	2019.07.24 16:19:33.276		Remove: manager 979140
0	2019.07.24 16:19:33.276		Remove: manager 970208
0	2019.07.24 16:19:33.276		Remove: manager 9672D0
0	2019.07.24 16:19:33.276		Remove: manager 95E398
0	2019.07.24 16:19:33.276		Remove: manager 955460
0	2019.07.24 16:19:39.424		MetaTrader 4 Manager API build 1010 initialized
0	2019.07.24 16:19:39.426		Remove: manager 99CE20
0	2019.07.24 16:19:39.426		Remove: manager 993EE8
0	2019.07.24 16:19:39.426		Remove: manager 98AFB0
0	2019.07.24 16:19:39.426		Remove: manager 982078
0	2019.07.24 16:19:39.426		Remove: manager 979140
0	2019.07.24 16:19:39.426		Remove: manager 970208
0	2019.07.24 16:19:39.427		Remove: manager 9672D0
0	2019.07.24 16:19:39.427		Remove: manager 95E398
0	2019.07.24 16:19:39.427		Remove: manager 955460
0	2019.07.24 16:19:46.602		MetaTrader 4 Manager API build 1010 initialized
0	2019.07.24 16:19:46.605		Remove: manager 85D120
0	2019.07.24 16:19:46.605		Remove: manager 8541E8
0	2019.07.24 16:19:46.605		Remove: manager 84B2B0
0	2019.07.24 16:19:46.606		Remove: manager 842378
0	2019.07.24 16:19:46.606		Remove: manager 839440
0	2019.07.24 16:19:46.606		Remove: manager 830508
0	2019.07.24 16:19:46.606		Remove: manager 8275D0
0	2019.07.24 16:19:46.606		Remove: manager 81E698
0	2019.07.24 16:19:46.606		Remove: manager 815868
0	2019.07.24 16:19:55.762		MetaTrader 4 Manager API build 1010 initialized
0	2019.07.24 16:19:55.765		Remove: manager 6FCDA0
0	2019.07.24 16:19:55.765		Remove: manager 6F3E68
0	2019.07.24 16:19:55.765		Remove: manager 6EAF30
0	2019.07.24 16:19:55.765		Remove: manager 6E1FF8
0	2019.07.24 16:19:55.765		Remove: manager 6D90C0
0	2019.07.24 16:19:55.765		Remove: manager 6D0188
0	2019.07.24 16:19:55.765		Remove: manager 6C7250
0	2019.07.24 16:19:55.765		Remove: manager 6BE318
0	2019.07.24 16:19:55.765		Remove: manager 6B53E0
0	2019.07.24 16:20:01.166		MetaTrader 4 Manager API build 1010 initialized
0	2019.07.24 16:20:01.169		Remove: manager 7FCDA0
0	2019.07.24 16:20:01.169		Remove: manager 7F3E68
0	2019.07.24 16:20:01.169		Remove: manager 7EAF30
0	2019.07.24 16:20:01.169		Remove: manager 7E1FF8
0	2019.07.24 16:20:01.169		Remove: manager 7D90C0
0	2019.07.24 16:20:01.169		Remove: manager 7D0188
0	2019.07.24 16:20:01.169		Remove: manager 7C7250
0	2019.07.24 16:20:01.169		Remove: manager 7BE318
0	2019.07.24 16:20:01.169		Remove: manager 7B53E0
0	2019.07.24 17:12:12.972		MetaTrader 4 Manager API build 1010 initialized
0	2019.07.24 17:12:13.134	live101.blackwellglobal.com	Connect
0	2019.07.24 17:12:13.854	live101.blackwellglobal.com	'256': login (server build 1170)
0	2019.07.24 17:12:15.287	live101.blackwellglobal.com	'256': request Groups configuration
0	2019.07.24 17:12:15.619	live101.blackwellglobal.com	'256': request 3 total users by logins
0	2019.07.24 17:12:15.912	live101.blackwellglobal.com	'256': request trades database (19 orders)
0	2019.07.24 17:12:16.210	live101.blackwellglobal.com	'256': update user record '2040'
0	2019.07.24 17:12:16.212		Remove: manager 60D228
0	2019.07.24 17:12:16.212		Remove: manager 6042F0
0	2019.07.24 17:12:16.212		Remove: manager 5FB3B8
0	2019.07.24 17:12:16.212		Remove: manager 5F2480
0	2019.07.24 17:12:16.212		Remove: manager 5E9548
0	2019.07.24 17:12:16.212		Remove: manager 5E0610
0	2019.07.24 17:12:16.212		Remove: manager 5D76D8
0	2019.07.24 17:12:16.313	live101.blackwellglobal.com	'256': disconnect
0	2019.07.24 17:12:16.313		Remove: manager 5CE7A0
0	2019.07.24 17:12:16.313		Remove: manager 5C5868
0	2019.07.24 17:12:18.240		MetaTrader 4 Manager API build 1010 initialized
0	2019.07.24 17:12:18.323	live101.blackwellglobal.com	Connect
0	2019.07.24 17:12:19.009	live101.blackwellglobal.com	'256': login (server build 1170)
0	2019.07.24 17:12:20.598	live101.blackwellglobal.com	'256': request Groups configuration
0	2019.07.24 17:12:20.944	live101.blackwellglobal.com	'256': request 3 total users by logins
0	2019.07.24 17:12:20.944		Remove: manager 62D228
0	2019.07.24 17:12:20.944		Remove: manager 6242F0
0	2019.07.24 17:12:20.944		Remove: manager 61B3B8
0	2019.07.24 17:12:20.944		Remove: manager 612480
0	2019.07.24 17:12:20.944		Remove: manager 609548
0	2019.07.24 17:12:20.944		Remove: manager 600610
0	2019.07.24 17:12:20.944		Remove: manager 5F76D8
0	2019.07.24 17:12:21.045	live101.blackwellglobal.com	'256': disconnect
0	2019.07.24 17:12:21.045		Remove: manager 5EE7A0
0	2019.07.24 17:12:21.045		Remove: manager 5E5868
